TN:
SF:components\AdminDashboard.tsx
FN:28,(anonymous_0)
FN:29,(anonymous_1)
FN:30,(anonymous_2)
FN:31,(anonymous_3)
FN:32,(anonymous_4)
FN:33,(anonymous_5)
FN:37,(anonymous_6)
FN:61,AdminDashboard
FN:92,(anonymous_8)
FN:97,(anonymous_9)
FN:109,(anonymous_10)
FN:120,(anonymous_11)
FN:141,(anonymous_12)
FN:143,(anonymous_13)
FN:144,(anonymous_14)
FN:145,(anonymous_15)
FN:151,(anonymous_16)
FN:152,(anonymous_17)
FN:156,(anonymous_18)
FN:162,(anonymous_19)
FN:172,(anonymous_20)
FN:172,(anonymous_21)
FN:174,(anonymous_22)
FN:213,(anonymous_23)
FN:233,(anonymous_24)
FN:234,(anonymous_25)
FN:236,(anonymous_26)
FN:353,(anonymous_27)
FN:374,(anonymous_28)
FN:394,(anonymous_29)
FN:414,(anonymous_30)
FN:434,(anonymous_31)
FN:466,(anonymous_32)
FN:502,(anonymous_33)
FN:506,(anonymous_34)
FN:511,(anonymous_35)
FN:516,(anonymous_36)
FN:544,(anonymous_37)
FN:548,(anonymous_38)
FN:553,(anonymous_39)
FN:558,(anonymous_40)
FN:611,(anonymous_41)
FN:618,(anonymous_42)
FN:618,(anonymous_43)
FN:659,(anonymous_44)
FN:751,(anonymous_45)
FN:769,(anonymous_46)
FN:785,(anonymous_47)
FN:809,(anonymous_48)
FN:860,(anonymous_49)
FN:872,(anonymous_50)
FNF:51
FNH:0
FNDA:0,(anonymous_0)
FNDA:0,(anonymous_1)
FNDA:0,(anonymous_2)
FNDA:0,(anonymous_3)
FNDA:0,(anonymous_4)
FNDA:0,(anonymous_5)
FNDA:0,(anonymous_6)
FNDA:0,AdminDashboard
FNDA:0,(anonymous_8)
FNDA:0,(anonymous_9)
FNDA:0,(anonymous_10)
FNDA:0,(anonymous_11)
FNDA:0,(anonymous_12)
FNDA:0,(anonymous_13)
FNDA:0,(anonymous_14)
FNDA:0,(anonymous_15)
FNDA:0,(anonymous_16)
FNDA:0,(anonymous_17)
FNDA:0,(anonymous_18)
FNDA:0,(anonymous_19)
FNDA:0,(anonymous_20)
FNDA:0,(anonymous_21)
FNDA:0,(anonymous_22)
FNDA:0,(anonymous_23)
FNDA:0,(anonymous_24)
FNDA:0,(anonymous_25)
FNDA:0,(anonymous_26)
FNDA:0,(anonymous_27)
FNDA:0,(anonymous_28)
FNDA:0,(anonymous_29)
FNDA:0,(anonymous_30)
FNDA:0,(anonymous_31)
FNDA:0,(anonymous_32)
FNDA:0,(anonymous_33)
FNDA:0,(anonymous_34)
FNDA:0,(anonymous_35)
FNDA:0,(anonymous_36)
FNDA:0,(anonymous_37)
FNDA:0,(anonymous_38)
FNDA:0,(anonymous_39)
FNDA:0,(anonymous_40)
FNDA:0,(anonymous_41)
FNDA:0,(anonymous_42)
FNDA:0,(anonymous_43)
FNDA:0,(anonymous_44)
FNDA:0,(anonymous_45)
FNDA:0,(anonymous_46)
FNDA:0,(anonymous_47)
FNDA:0,(anonymous_48)
FNDA:0,(anonymous_49)
FNDA:0,(anonymous_50)
DA:28,0
DA:29,0
DA:30,0
DA:31,0
DA:32,0
DA:33,0
DA:37,0
DA:78,0
DA:79,0
DA:80,0
DA:81,0
DA:83,0
DA:84,0
DA:86,0
DA:88,0
DA:92,0
DA:93,0
DA:97,0
DA:98,0
DA:100,0
DA:101,0
DA:102,0
DA:103,0
DA:104,0
DA:109,0
DA:110,0
DA:111,0
DA:112,0
DA:113,0
DA:120,0
DA:121,0
DA:122,0
DA:123,0
DA:125,0
DA:128,0
DA:129,0
DA:132,0
DA:133,0
DA:135,0
DA:140,0
DA:141,0
DA:143,0
DA:144,0
DA:145,0
DA:146,0
DA:147,0
DA:150,0
DA:151,0
DA:152,0
DA:156,0
DA:158,0
DA:159,0
DA:161,0
DA:162,0
DA:165,0
DA:166,0
DA:167,0
DA:170,0
DA:172,0
DA:173,0
DA:174,0
DA:175,0
DA:176,0
DA:182,0
DA:185,0
DA:213,0
DA:233,0
DA:235,0
DA:236,0
DA:237,0
DA:353,0
DA:374,0
DA:394,0
DA:414,0
DA:434,0
DA:467,0
DA:468,0
DA:503,0
DA:504,0
DA:506,0
DA:509,0
DA:511,0
DA:514,0
DA:516,0
DA:517,0
DA:518,0
DA:519,0
DA:522,0
DA:545,0
DA:546,0
DA:548,0
DA:551,0
DA:553,0
DA:556,0
DA:558,0
DA:559,0
DA:560,0
DA:561,0
DA:564,0
DA:611,0
DA:618,0
DA:619,0
DA:620,0
DA:621,0
DA:622,0
DA:623,0
DA:625,0
DA:659,0
DA:754,0
DA:755,0
DA:756,0
DA:757,0
DA:758,0
DA:759,0
DA:761,0
DA:762,0
DA:763,0
DA:764,0
DA:766,0
DA:770,0
DA:771,0
DA:772,0
DA:773,0
DA:774,0
DA:775,0
DA:777,0
DA:778,0
DA:779,0
DA:780,0
DA:782,0
DA:786,0
DA:787,0
DA:788,0
DA:789,0
DA:791,0
DA:792,0
DA:793,0
DA:794,0
DA:795,0
DA:796,0
DA:797,0
DA:799,0
DA:801,0
DA:802,0
DA:803,0
DA:804,0
DA:806,0
DA:810,0
DA:811,0
DA:812,0
DA:815,0
DA:816,0
DA:818,0
DA:821,0
DA:824,0
DA:825,0
DA:828,0
DA:833,0
DA:834,0
DA:836,0
DA:837,0
DA:838,0
DA:839,0
DA:840,0
DA:841,0
DA:842,0
DA:849,0
DA:851,0
DA:852,0
DA:854,0
DA:855,0
DA:857,0
DA:863,0
DA:864,0
DA:865,0
DA:867,0
DA:869,0
DA:873,0
DA:874,0
DA:875,0
DA:876,0
DA:877,0
DA:878,0
DA:880,0
DA:881,0
DA:882,0
DA:883,0
DA:885,0
LF:188
LH:0
BRDA:68,0,0,0
BRDA:100,1,0,0
BRDA:100,1,1,0
BRDA:100,2,0,0
BRDA:100,2,1,0
BRDA:111,3,0,0
BRDA:111,3,1,0
BRDA:111,4,0,0
BRDA:111,4,1,0
BRDA:123,5,0,0
BRDA:123,5,1,0
BRDA:133,6,0,0
BRDA:133,6,1,0
BRDA:143,7,0,0
BRDA:143,7,1,0
BRDA:147,8,0,0
BRDA:147,8,1,0
BRDA:158,9,0,0
BRDA:158,9,1,0
BRDA:167,10,0,0
BRDA:167,10,1,0
BRDA:167,11,0,0
BRDA:167,11,1,0
BRDA:170,12,0,0
BRDA:170,12,1,0
BRDA:204,13,0,0
BRDA:204,13,1,0
BRDA:204,14,0,0
BRDA:204,14,1,0
BRDA:206,15,0,0
BRDA:206,15,1,0
BRDA:227,16,0,0
BRDA:227,16,1,0
BRDA:235,17,0,0
BRDA:235,17,1,0
BRDA:265,18,0,0
BRDA:265,18,1,0
BRDA:274,19,0,0
BRDA:274,19,1,0
BRDA:312,20,0,0
BRDA:312,20,1,0
BRDA:321,21,0,0
BRDA:321,21,1,0
BRDA:403,22,0,0
BRDA:403,22,1,0
BRDA:423,23,0,0
BRDA:423,23,1,0
BRDA:460,24,0,0
BRDA:460,24,1,0
BRDA:467,25,0,0
BRDA:467,25,1,0
BRDA:467,25,2,0
BRDA:477,26,0,0
BRDA:477,26,1,0
BRDA:482,27,0,0
BRDA:482,27,1,0
BRDA:483,28,0,0
BRDA:483,28,1,0
BRDA:494,29,0,0
BRDA:494,29,1,0
BRDA:496,30,0,0
BRDA:496,30,1,0
BRDA:530,31,0,0
BRDA:530,31,1,0
BRDA:572,32,0,0
BRDA:572,32,1,0
BRDA:601,33,0,0
BRDA:601,33,1,0
BRDA:601,33,2,0
BRDA:611,34,0,0
BRDA:611,34,1,0
BRDA:611,35,0,0
BRDA:611,35,1,0
BRDA:619,36,0,0
BRDA:619,36,1,0
BRDA:621,37,0,0
BRDA:621,37,1,0
BRDA:622,38,0,0
BRDA:622,38,1,0
BRDA:639,39,0,0
BRDA:639,39,1,0
BRDA:640,40,0,0
BRDA:640,40,1,0
BRDA:644,41,0,0
BRDA:644,41,1,0
BRDA:646,42,0,0
BRDA:646,42,1,0
BRDA:654,43,0,0
BRDA:654,43,1,0
BRDA:663,44,0,0
BRDA:663,44,1,0
BRDA:757,45,0,0
BRDA:757,45,1,0
BRDA:758,46,0,0
BRDA:758,46,1,0
BRDA:762,47,0,0
BRDA:762,47,1,0
BRDA:773,48,0,0
BRDA:773,48,1,0
BRDA:774,49,0,0
BRDA:774,49,1,0
BRDA:778,50,0,0
BRDA:778,50,1,0
BRDA:791,51,0,0
BRDA:791,51,1,0
BRDA:792,52,0,0
BRDA:792,52,1,0
BRDA:792,53,0,0
BRDA:792,53,1,0
BRDA:794,54,0,0
BRDA:794,54,1,0
BRDA:796,55,0,0
BRDA:796,55,1,0
BRDA:802,56,0,0
BRDA:802,56,1,0
BRDA:810,57,0,0
BRDA:810,57,1,0
BRDA:824,58,0,0
BRDA:824,58,1,0
BRDA:838,59,0,0
BRDA:838,59,1,0
BRDA:840,60,0,0
BRDA:840,60,1,0
BRDA:842,61,0,0
BRDA:842,61,1,0
BRDA:852,62,0,0
BRDA:852,62,1,0
BRDA:864,63,0,0
BRDA:864,63,1,0
BRDA:864,63,2,0
BRDA:876,64,0,0
BRDA:876,64,1,0
BRDA:877,65,0,0
BRDA:877,65,1,0
BRDA:881,66,0,0
BRDA:881,66,1,0
BRF:136
BRH:0
end_of_record
TN:
SF:components\AdminReports.tsx
FN:18,(anonymous_0)
FN:23,AdminReports
FN:26,(anonymous_2)
FN:46,(anonymous_3)
FN:47,(anonymous_4)
FN:52,(anonymous_5)
FN:53,(anonymous_6)
FN:59,(anonymous_7)
FN:61,(anonymous_8)
FN:62,(anonymous_9)
FN:63,(anonymous_10)
FN:67,(anonymous_11)
FN:89,(anonymous_12)
FN:90,(anonymous_13)
FN:91,(anonymous_14)
FN:93,(anonymous_15)
FN:94,(anonymous_16)
FN:109,(anonymous_17)
FN:113,(anonymous_18)
FN:117,(anonymous_19)
FN:120,(anonymous_20)
FN:130,(anonymous_21)
FN:138,(anonymous_22)
FN:149,(anonymous_23)
FN:152,(anonymous_24)
FN:153,(anonymous_25)
FN:160,(anonymous_26)
FN:166,(anonymous_27)
FN:179,(anonymous_28)
FN:189,(anonymous_29)
FN:191,(anonymous_30)
FN:192,(anonymous_31)
FN:198,(anonymous_32)
FN:261,(anonymous_33)
FN:383,(anonymous_34)
FN:374,(anonymous_35)
FN:453,(anonymous_36)
FNF:37
FNH:0
FNDA:0,(anonymous_0)
FNDA:0,AdminReports
FNDA:0,(anonymous_2)
FNDA:0,(anonymous_3)
FNDA:0,(anonymous_4)
FNDA:0,(anonymous_5)
FNDA:0,(anonymous_6)
FNDA:0,(anonymous_7)
FNDA:0,(anonymous_8)
FNDA:0,(anonymous_9)
FNDA:0,(anonymous_10)
FNDA:0,(anonymous_11)
FNDA:0,(anonymous_12)
FNDA:0,(anonymous_13)
FNDA:0,(anonymous_14)
FNDA:0,(anonymous_15)
FNDA:0,(anonymous_16)
FNDA:0,(anonymous_17)
FNDA:0,(anonymous_18)
FNDA:0,(anonymous_19)
FNDA:0,(anonymous_20)
FNDA:0,(anonymous_21)
FNDA:0,(anonymous_22)
FNDA:0,(anonymous_23)
FNDA:0,(anonymous_24)
FNDA:0,(anonymous_25)
FNDA:0,(anonymous_26)
FNDA:0,(anonymous_27)
FNDA:0,(anonymous_28)
FNDA:0,(anonymous_29)
FNDA:0,(anonymous_30)
FNDA:0,(anonymous_31)
FNDA:0,(anonymous_32)
FNDA:0,(anonymous_33)
FNDA:0,(anonymous_34)
FNDA:0,(anonymous_35)
FNDA:0,(anonymous_36)
DA:16,0
DA:18,0
DA:19,0
DA:20,0
DA:24,0
DA:26,0
DA:27,0
DA:28,0
DA:30,0
DA:32,0
DA:33,0
DA:35,0
DA:36,0
DA:38,0
DA:39,0
DA:42,0
DA:46,0
DA:47,0
DA:48,0
DA:49,0
DA:52,0
DA:53,0
DA:54,0
DA:55,0
DA:59,0
DA:60,0
DA:61,0
DA:62,0
DA:63,0
DA:65,0
DA:67,0
DA:68,0
DA:69,0
DA:70,0
DA:73,0
DA:76,0
DA:89,0
DA:90,0
DA:91,0
DA:92,0
DA:93,0
DA:95,0
DA:96,0
DA:97,0
DA:100,0
DA:109,0
DA:113,0
DA:117,0
DA:120,0
DA:121,0
DA:122,0
DA:124,0
DA:125,0
DA:126,0
DA:127,0
DA:128,0
DA:130,0
DA:131,0
DA:132,0
DA:135,0
DA:139,0
DA:140,0
DA:145,0
DA:149,0
DA:150,0
DA:152,0
DA:153,0
DA:154,0
DA:155,0
DA:156,0
DA:160,0
DA:166,0
DA:167,0
DA:179,0
DA:180,0
DA:181,0
DA:182,0
DA:183,0
DA:184,0
DA:186,0
DA:189,0
DA:190,0
DA:191,0
DA:192,0
DA:194,0
DA:198,0
DA:199,0
DA:202,0
DA:203,0
DA:206,0
DA:207,0
DA:210,0
DA:211,0
DA:214,0
DA:215,0
DA:217,0
DA:240,0
DA:241,0
DA:242,0
DA:243,0
DA:244,0
DA:245,0
DA:246,0
DA:247,0
DA:250,0
DA:261,0
DA:374,0
DA:384,0
DA:454,0
LF:109
LH:0
BRDA:30,0,0,0
BRDA:30,0,1,0
BRDA:30,0,2,0
BRDA:49,1,0,0
BRDA:49,1,1,0
BRDA:49,1,2,0
BRDA:55,2,0,0
BRDA:55,2,1,0
BRDA:63,3,0,0
BRDA:63,3,1,0
BRDA:65,4,0,0
BRDA:65,4,1,0
BRDA:73,5,0,0
BRDA:73,5,1,0
BRDA:132,6,0,0
BRDA:132,6,1,0
BRDA:132,6,2,0
BRDA:140,7,0,0
BRDA:140,7,1,0
BRDA:154,8,0,0
BRDA:154,8,1,0
BRDA:155,9,0,0
BRDA:155,9,1,0
BRDA:180,10,0,0
BRDA:180,10,1,0
BRDA:180,11,0,0
BRDA:180,11,1,0
BRDA:181,12,0,0
BRDA:181,12,1,0
BRDA:183,13,0,0
BRDA:183,13,1,0
BRDA:183,14,0,0
BRDA:183,14,1,0
BRDA:183,14,2,0
BRDA:183,14,3,0
BRDA:203,15,0,0
BRDA:203,15,1,0
BRDA:207,16,0,0
BRDA:207,16,1,0
BRDA:211,17,0,0
BRDA:211,17,1,0
BRDA:215,18,0,0
BRDA:215,18,1,0
BRDA:365,19,0,0
BRDA:365,19,1,0
BRDA:426,20,0,0
BRDA:426,20,1,0
BRF:47
BRH:0
end_of_record
TN:
SF:components\AdminUserManagement.tsx
FN:26,AdminUserManagement
FN:44,(anonymous_1)
FN:44,(anonymous_2)
FN:47,(anonymous_3)
FN:49,(anonymous_4)
FN:51,(anonymous_5)
FN:57,(anonymous_6)
FN:62,(anonymous_7)
FN:64,(anonymous_8)
FN:77,(anonymous_9)
FN:81,(anonymous_10)
FN:87,(anonymous_11)
FN:115,(anonymous_12)
FN:129,(anonymous_13)
FN:134,(anonymous_14)
FN:155,(anonymous_15)
FN:179,(anonymous_16)
FN:185,(anonymous_17)
FN:197,(anonymous_18)
FN:206,(anonymous_19)
FN:206,(anonymous_20)
FN:206,(anonymous_21)
FN:213,(anonymous_22)
FN:225,(anonymous_23)
FN:236,(anonymous_24)
FN:246,(anonymous_25)
FN:261,(anonymous_26)
FN:281,(anonymous_27)
FN:285,(anonymous_28)
FN:302,(anonymous_29)
FN:306,(anonymous_30)
FN:311,(anonymous_31)
FN:323,(anonymous_32)
FN:331,(anonymous_33)
FN:333,(anonymous_34)
FN:344,(anonymous_35)
FN:353,(anonymous_36)
FN:363,(anonymous_37)
FN:366,(anonymous_38)
FN:382,(anonymous_39)
FN:397,(anonymous_40)
FN:417,(anonymous_41)
FNF:42
FNH:0
FNDA:0,AdminUserManagement
FNDA:0,(anonymous_1)
FNDA:0,(anonymous_2)
FNDA:0,(anonymous_3)
FNDA:0,(anonymous_4)
FNDA:0,(anonymous_5)
FNDA:0,(anonymous_6)
FNDA:0,(anonymous_7)
FNDA:0,(anonymous_8)
FNDA:0,(anonymous_9)
FNDA:0,(anonymous_10)
FNDA:0,(anonymous_11)
FNDA:0,(anonymous_12)
FNDA:0,(anonymous_13)
FNDA:0,(anonymous_14)
FNDA:0,(anonymous_15)
FNDA:0,(anonymous_16)
FNDA:0,(anonymous_17)
FNDA:0,(anonymous_18)
FNDA:0,(anonymous_19)
FNDA:0,(anonymous_20)
FNDA:0,(anonymous_21)
FNDA:0,(anonymous_22)
FNDA:0,(anonymous_23)
FNDA:0,(anonymous_24)
FNDA:0,(anonymous_25)
FNDA:0,(anonymous_26)
FNDA:0,(anonymous_27)
FNDA:0,(anonymous_28)
FNDA:0,(anonymous_29)
FNDA:0,(anonymous_30)
FNDA:0,(anonymous_31)
FNDA:0,(anonymous_32)
FNDA:0,(anonymous_33)
FNDA:0,(anonymous_34)
FNDA:0,(anonymous_35)
FNDA:0,(anonymous_36)
FNDA:0,(anonymous_37)
FNDA:0,(anonymous_38)
FNDA:0,(anonymous_39)
FNDA:0,(anonymous_40)
FNDA:0,(anonymous_41)
DA:27,0
DA:28,0
DA:29,0
DA:30,0
DA:31,0
DA:32,0
DA:33,0
DA:34,0
DA:35,0
DA:39,0
DA:40,0
DA:41,0
DA:42,0
DA:44,0
DA:47,0
DA:49,0
DA:50,0
DA:51,0
DA:52,0
DA:53,0
DA:54,0
DA:55,0
DA:56,0
DA:57,0
DA:62,0
DA:63,0
DA:64,0
DA:65,0
DA:66,0
DA:67,0
DA:68,0
DA:69,0
DA:70,0
DA:71,0
DA:72,0
DA:73,0
DA:74,0
DA:75,0
DA:77,0
DA:78,0
DA:81,0
DA:82,0
DA:83,0
DA:84,0
DA:87,0
DA:88,0
DA:89,0
DA:90,0
DA:91,0
DA:93,0
DA:95,0
DA:96,0
DA:100,0
DA:102,0
DA:104,0
DA:106,0
DA:107,0
DA:108,0
DA:110,0
DA:115,0
DA:116,0
DA:117,0
DA:118,0
DA:119,0
DA:123,0
DA:125,0
DA:129,0
DA:130,0
DA:131,0
DA:134,0
DA:135,0
DA:136,0
DA:137,0
DA:138,0
DA:140,0
DA:141,0
DA:142,0
DA:143,0
DA:144,0
DA:145,0
DA:149,0
DA:151,0
DA:155,0
DA:156,0
DA:157,0
DA:158,0
DA:159,0
DA:163,0
DA:165,0
DA:169,0
DA:179,0
DA:185,0
DA:197,0
DA:206,0
DA:207,0
DA:213,0
DA:225,0
DA:236,0
DA:246,0
DA:262,0
DA:263,0
DA:264,0
DA:265,0
DA:266,0
DA:267,0
DA:268,0
DA:269,0
DA:281,0
DA:285,0
DA:302,0
DA:306,0
DA:311,0
DA:323,0
DA:331,0
DA:333,0
DA:344,0
DA:353,0
DA:363,0
DA:367,0
DA:369,0
DA:371,0
DA:382,0
DA:397,0
DA:417,0
LF:124
LH:0
BRDA:26,0,0,0
BRDA:47,1,0,0
BRDA:47,1,1,0
BRDA:52,2,0,0
BRDA:52,2,1,0
BRDA:52,3,0,0
BRDA:52,3,1,0
BRDA:53,4,0,0
BRDA:53,4,1,0
BRDA:53,5,0,0
BRDA:53,5,1,0
BRDA:53,6,0,0
BRDA:53,6,1,0
BRDA:53,7,0,0
BRDA:53,7,1,0
BRDA:54,8,0,0
BRDA:54,8,1,0
BRDA:54,9,0,0
BRDA:54,9,1,0
BRDA:55,10,0,0
BRDA:55,10,1,0
BRDA:55,11,0,0
BRDA:55,11,1,0
BRDA:56,12,0,0
BRDA:56,12,1,0
BRDA:65,13,0,0
BRDA:65,13,1,0
BRDA:66,14,0,0
BRDA:66,14,1,0
BRDA:69,15,0,0
BRDA:69,15,1,0
BRDA:70,16,0,0
BRDA:70,16,1,0
BRDA:71,17,0,0
BRDA:71,17,1,0
BRDA:72,18,0,0
BRDA:72,18,1,0
BRDA:73,19,0,0
BRDA:73,19,1,0
BRDA:74,20,0,0
BRDA:74,20,1,0
BRDA:77,21,0,0
BRDA:77,21,1,0
BRDA:88,22,0,0
BRDA:88,22,1,0
BRDA:89,23,0,0
BRDA:89,23,1,0
BRDA:96,24,0,0
BRDA:96,24,1,0
BRDA:107,25,0,0
BRDA:107,25,1,0
BRDA:107,25,2,0
BRDA:110,26,0,0
BRDA:110,26,1,0
BRDA:116,27,0,0
BRDA:116,27,1,0
BRDA:135,28,0,0
BRDA:135,28,1,0
BRDA:135,29,0,0
BRDA:135,29,1,0
BRDA:136,30,0,0
BRDA:136,30,1,0
BRDA:156,31,0,0
BRDA:156,31,1,0
BRDA:226,32,0,0
BRDA:226,32,1,0
BRDA:262,33,0,0
BRDA:262,33,1,0
BRDA:264,34,0,0
BRDA:264,34,1,0
BRDA:265,35,0,0
BRDA:265,35,1,0
BRDA:266,36,0,0
BRDA:266,36,1,0
BRDA:266,37,0,0
BRDA:266,37,1,0
BRDA:267,38,0,0
BRDA:267,38,1,0
BRDA:268,39,0,0
BRDA:268,39,1,0
BRDA:277,40,0,0
BRDA:277,40,1,0
BRDA:279,41,0,0
BRDA:279,41,1,0
BRDA:281,42,0,0
BRDA:281,42,1,0
BRDA:282,43,0,0
BRDA:282,43,1,0
BRDA:285,44,0,0
BRDA:285,44,1,0
BRDA:286,45,0,0
BRDA:286,45,1,0
BRDA:296,46,0,0
BRDA:296,46,1,0
BRDA:301,47,0,0
BRDA:301,47,1,0
BRDA:302,48,0,0
BRDA:302,48,1,0
BRDA:303,49,0,0
BRDA:303,49,1,0
BRDA:306,50,0,0
BRDA:306,50,1,0
BRDA:307,51,0,0
BRDA:307,51,1,0
BRDA:311,52,0,0
BRDA:311,52,1,0
BRDA:312,53,0,0
BRDA:312,53,1,0
BRDA:323,54,0,0
BRDA:323,54,1,0
BRDA:344,55,0,0
BRDA:344,55,1,0
BRDA:345,56,0,0
BRDA:345,56,1,0
BRDA:346,57,0,0
BRDA:346,57,1,0
BRDA:346,58,0,0
BRDA:346,58,1,0
BRDA:353,59,0,0
BRDA:353,59,1,0
BRDA:367,60,0,0
BRDA:367,60,1,0
BRDA:373,61,0,0
BRDA:373,61,1,0
BRDA:373,61,2,0
BRDA:375,62,0,0
BRDA:375,62,1,0
BRDA:375,63,0,0
BRDA:375,63,1,0
BRDA:382,64,0,0
BRDA:382,64,1,0
BRDA:417,65,0,0
BRDA:417,65,1,0
BRDA:424,66,0,0
BRDA:424,66,1,0
BRDA:424,67,0,0
BRDA:424,67,1,0
BRDA:426,68,0,0
BRDA:426,68,1,0
BRDA:426,69,0,0
BRDA:426,69,1,0
BRF:141
BRH:0
end_of_record
TN:
SF:components\Announcer.tsx
FN:12,(anonymous_0)
FN:14,(anonymous_1)
FN:16,(anonymous_2)
FN:19,(anonymous_3)
FN:21,AnnouncerProvider
FN:22,(anonymous_5)
FN:35,(anonymous_6)
FN:49,(anonymous_7)
FN:55,(anonymous_8)
FN:61,(anonymous_9)
FN:79,(anonymous_10)
FN:82,(anonymous_11)
FN:108,(anonymous_12)
FN:109,(anonymous_13)
FN:111,(anonymous_14)
FNF:15
FNH:0
FNDA:0,(anonymous_0)
FNDA:0,(anonymous_1)
FNDA:0,(anonymous_2)
FNDA:0,(anonymous_3)
FNDA:0,AnnouncerProvider
FNDA:0,(anonymous_5)
FNDA:0,(anonymous_6)
FNDA:0,(anonymous_7)
FNDA:0,(anonymous_8)
FNDA:0,(anonymous_9)
FNDA:0,(anonymous_10)
FNDA:0,(anonymous_11)
FNDA:0,(anonymous_12)
FNDA:0,(anonymous_13)
FNDA:0,(anonymous_14)
DA:11,0
DA:19,0
DA:22,0
DA:23,0
DA:24,0
DA:25,0
DA:26,0
DA:28,0
DA:32,0
DA:33,0
DA:34,0
DA:35,0
DA:36,0
DA:37,0
DA:38,0
DA:40,0
DA:45,0
DA:47,0
DA:49,0
DA:50,0
DA:51,0
DA:55,0
DA:56,0
DA:57,0
DA:61,0
DA:63,0
DA:66,0
DA:67,0
DA:68,0
DA:69,0
DA:70,0
DA:72,0
DA:75,0
DA:76,0
DA:78,0
DA:79,0
DA:81,0
DA:82,0
DA:86,0
DA:87,0
DA:88,0
DA:90,0
DA:91,0
DA:92,0
DA:93,0
DA:95,0
DA:96,0
DA:99,0
DA:104,0
DA:108,0
DA:109,0
DA:111,0
DA:113,0
LF:53
LH:0
BRDA:25,0,0,0
BRDA:25,0,1,0
BRDA:61,1,0,0
BRDA:63,2,0,0
BRDA:63,2,1,0
BRDA:63,3,0,0
BRDA:63,3,1,0
BRDA:69,4,0,0
BRDA:69,4,1,0
BRDA:69,5,0,0
BRDA:69,5,1,0
BRDA:69,5,2,0
BRDA:76,6,0,0
BRDA:76,6,1,0
BRDA:86,7,0,0
BRDA:86,7,1,0
BRDA:86,8,0,0
BRDA:86,8,1,0
BRDA:86,8,2,0
BRDA:90,9,0,0
BRDA:90,9,1,0
BRDA:92,10,0,0
BRDA:92,10,1,0
BRF:23
BRH:0
end_of_record
TN:
SF:components\BulkProgressDialog.tsx
FN:8,BulkProgressDialog
FN:21,(anonymous_1)
FN:22,(anonymous_2)
FN:41,(anonymous_3)
FN:68,(anonymous_4)
FNF:5
FNH:0
FNDA:0,BulkProgressDialog
FNDA:0,(anonymous_1)
FNDA:0,(anonymous_2)
FNDA:0,(anonymous_3)
FNDA:0,(anonymous_4)
DA:19,0
DA:21,0
DA:22,0
DA:24,0
DA:42,0
DA:43,0
DA:44,0
DA:68,0
LF:8
LH:0
BRDA:30,0,0,0
BRDA:30,0,1,0
BRDA:36,1,0,0
BRDA:36,1,1,0
BRDA:43,2,0,0
BRDA:43,2,1,0
BRDA:46,3,0,0
BRDA:46,3,1,0
BRDA:48,4,0,0
BRDA:48,4,1,0
BRDA:49,5,0,0
BRDA:49,5,1,0
BRDA:50,6,0,0
BRDA:50,6,1,0
BRDA:51,7,0,0
BRDA:51,7,1,0
BRDA:52,8,0,0
BRDA:52,8,1,0
BRDA:62,9,0,0
BRDA:62,9,1,0
BRDA:62,9,2,0
BRDA:62,9,3,0
BRDA:65,10,0,0
BRDA:65,10,1,0
BRDA:65,10,2,0
BRDA:68,11,0,0
BRDA:68,11,1,0
BRF:27
BRH:0
end_of_record
TN:
SF:components\ClassroomManagement.tsx
FN:64,ClassroomManagement
FN:90,(anonymous_1)
FN:90,(anonymous_2)
FN:90,(anonymous_3)
FN:90,(anonymous_4)
FN:91,(anonymous_5)
FN:92,(anonymous_6)
FN:130,(anonymous_7)
FN:143,(anonymous_8)
FN:146,(anonymous_9)
FN:149,(anonymous_10)
FN:152,(anonymous_11)
FN:152,(anonymous_12)
FN:156,(anonymous_13)
FN:158,(anonymous_14)
FN:159,(anonymous_15)
FN:163,(anonymous_16)
FN:163,(anonymous_17)
FN:164,(anonymous_18)
FN:166,(anonymous_19)
FN:176,(anonymous_20)
FN:197,(anonymous_21)
FN:209,(anonymous_22)
FN:227,(anonymous_23)
FN:237,(anonymous_24)
FN:247,(anonymous_25)
FN:289,(anonymous_26)
FN:302,(anonymous_27)
FN:303,(anonymous_28)
FN:306,(anonymous_29)
FN:311,(anonymous_30)
FN:312,(anonymous_31)
FN:314,(anonymous_32)
FN:318,(anonymous_33)
FN:322,(anonymous_34)
FN:329,(anonymous_35)
FN:338,(anonymous_36)
FN:377,(anonymous_37)
FN:382,(anonymous_38)
FN:407,(anonymous_39)
FN:410,(anonymous_40)
FN:418,(anonymous_41)
FN:419,(anonymous_42)
FN:424,(anonymous_43)
FN:463,(anonymous_44)
FN:481,(anonymous_45)
FN:489,(anonymous_46)
FN:492,(anonymous_47)
FN:497,(anonymous_48)
FN:505,(anonymous_49)
FN:515,(anonymous_50)
FN:552,(anonymous_51)
FN:554,(anonymous_52)
FN:557,(anonymous_53)
FN:569,(anonymous_54)
FN:570,(anonymous_55)
FN:573,(anonymous_56)
FN:616,(anonymous_57)
FN:623,(anonymous_58)
FN:644,(anonymous_59)
FN:652,(anonymous_60)
FN:658,(anonymous_61)
FN:660,(anonymous_62)
FN:683,(anonymous_63)
FN:684,(anonymous_64)
FN:707,(anonymous_65)
FN:709,(anonymous_66)
FN:723,(anonymous_67)
FN:729,(anonymous_68)
FN:730,(anonymous_69)
FN:733,(anonymous_70)
FN:734,(anonymous_71)
FN:769,(anonymous_72)
FN:769,(anonymous_73)
FN:781,(anonymous_74)
FN:781,(anonymous_75)
FN:792,(anonymous_76)
FN:798,(anonymous_77)
FN:799,(anonymous_78)
FN:819,(anonymous_79)
FN:821,(anonymous_80)
FN:846,(anonymous_81)
FN:847,(anonymous_82)
FN:873,(anonymous_83)
FN:882,(anonymous_84)
FN:895,(anonymous_85)
FN:899,(anonymous_86)
FN:900,(anonymous_87)
FN:902,(anonymous_88)
FN:903,(anonymous_89)
FN:921,(anonymous_90)
FN:921,(anonymous_91)
FN:931,(anonymous_92)
FN:931,(anonymous_93)
FN:935,(anonymous_94)
FN:938,(anonymous_95)
FN:939,(anonymous_96)
FN:992,(anonymous_97)
FN:994,(anonymous_98)
FN:995,(anonymous_99)
FN:997,(anonymous_100)
FN:997,(anonymous_101)
FN:1023,(anonymous_102)
FN:1024,(anonymous_103)
FN:1025,(anonymous_104)
FN:1027,(anonymous_105)
FN:1027,(anonymous_106)
FN:1043,(anonymous_107)
FN:1043,(anonymous_108)
FN:1066,(anonymous_109)
FN:1084,(anonymous_110)
FN:1094,(anonymous_111)
FN:1109,(anonymous_112)
FN:1109,(anonymous_113)
FN:1142,(anonymous_114)
FN:1142,(anonymous_115)
FN:1148,(anonymous_116)
FN:1148,(anonymous_117)
FN:1150,(anonymous_118)
FN:1150,(anonymous_119)
FN:1174,(anonymous_120)
FN:1174,(anonymous_121)
FN:1186,(anonymous_122)
FN:1199,(anonymous_123)
FN:1210,(anonymous_124)
FN:1229,(anonymous_125)
FN:1232,(anonymous_126)
FN:1235,(anonymous_127)
FN:1255,(anonymous_128)
FN:1258,(anonymous_129)
FN:1278,(anonymous_130)
FN:1297,(anonymous_131)
FN:1315,(anonymous_132)
FN:1322,(anonymous_133)
FN:1337,(anonymous_134)
FN:1358,(anonymous_135)
FN:1364,(anonymous_136)
FN:1388,(anonymous_137)
FN:1433,(anonymous_138)
FN:1473,(anonymous_139)
FN:1517,(anonymous_140)
FN:1593,(anonymous_141)
FN:1614,(anonymous_142)
FN:1633,(anonymous_143)
FN:1652,(anonymous_144)
FN:1653,(anonymous_145)
FN:1681,(anonymous_146)
FN:1721,(anonymous_147)
FN:1765,(anonymous_148)
FN:1822,(anonymous_149)
FN:1828,(anonymous_150)
FN:1833,(anonymous_151)
FN:1836,(anonymous_152)
FN:1836,(anonymous_153)
FN:1838,(anonymous_154)
FN:1839,(anonymous_155)
FN:1839,(anonymous_156)
FN:1851,(anonymous_157)
FN:1854,(anonymous_158)
FN:1855,(anonymous_159)
FNF:160
FNH:0
FNDA:0,ClassroomManagement
FNDA:0,(anonymous_1)
FNDA:0,(anonymous_2)
FNDA:0,(anonymous_3)
FNDA:0,(anonymous_4)
FNDA:0,(anonymous_5)
FNDA:0,(anonymous_6)
FNDA:0,(anonymous_7)
FNDA:0,(anonymous_8)
FNDA:0,(anonymous_9)
FNDA:0,(anonymous_10)
FNDA:0,(anonymous_11)
FNDA:0,(anonymous_12)
FNDA:0,(anonymous_13)
FNDA:0,(anonymous_14)
FNDA:0,(anonymous_15)
FNDA:0,(anonymous_16)
FNDA:0,(anonymous_17)
FNDA:0,(anonymous_18)
FNDA:0,(anonymous_19)
FNDA:0,(anonymous_20)
FNDA:0,(anonymous_21)
FNDA:0,(anonymous_22)
FNDA:0,(anonymous_23)
FNDA:0,(anonymous_24)
FNDA:0,(anonymous_25)
FNDA:0,(anonymous_26)
FNDA:0,(anonymous_27)
FNDA:0,(anonymous_28)
FNDA:0,(anonymous_29)
FNDA:0,(anonymous_30)
FNDA:0,(anonymous_31)
FNDA:0,(anonymous_32)
FNDA:0,(anonymous_33)
FNDA:0,(anonymous_34)
FNDA:0,(anonymous_35)
FNDA:0,(anonymous_36)
FNDA:0,(anonymous_37)
FNDA:0,(anonymous_38)
FNDA:0,(anonymous_39)
FNDA:0,(anonymous_40)
FNDA:0,(anonymous_41)
FNDA:0,(anonymous_42)
FNDA:0,(anonymous_43)
FNDA:0,(anonymous_44)
FNDA:0,(anonymous_45)
FNDA:0,(anonymous_46)
FNDA:0,(anonymous_47)
FNDA:0,(anonymous_48)
FNDA:0,(anonymous_49)
FNDA:0,(anonymous_50)
FNDA:0,(anonymous_51)
FNDA:0,(anonymous_52)
FNDA:0,(anonymous_53)
FNDA:0,(anonymous_54)
FNDA:0,(anonymous_55)
FNDA:0,(anonymous_56)
FNDA:0,(anonymous_57)
FNDA:0,(anonymous_58)
FNDA:0,(anonymous_59)
FNDA:0,(anonymous_60)
FNDA:0,(anonymous_61)
FNDA:0,(anonymous_62)
FNDA:0,(anonymous_63)
FNDA:0,(anonymous_64)
FNDA:0,(anonymous_65)
FNDA:0,(anonymous_66)
FNDA:0,(anonymous_67)
FNDA:0,(anonymous_68)
FNDA:0,(anonymous_69)
FNDA:0,(anonymous_70)
FNDA:0,(anonymous_71)
FNDA:0,(anonymous_72)
FNDA:0,(anonymous_73)
FNDA:0,(anonymous_74)
FNDA:0,(anonymous_75)
FNDA:0,(anonymous_76)
FNDA:0,(anonymous_77)
FNDA:0,(anonymous_78)
FNDA:0,(anonymous_79)
FNDA:0,(anonymous_80)
FNDA:0,(anonymous_81)
FNDA:0,(anonymous_82)
FNDA:0,(anonymous_83)
FNDA:0,(anonymous_84)
FNDA:0,(anonymous_85)
FNDA:0,(anonymous_86)
FNDA:0,(anonymous_87)
FNDA:0,(anonymous_88)
FNDA:0,(anonymous_89)
FNDA:0,(anonymous_90)
FNDA:0,(anonymous_91)
FNDA:0,(anonymous_92)
FNDA:0,(anonymous_93)
FNDA:0,(anonymous_94)
FNDA:0,(anonymous_95)
FNDA:0,(anonymous_96)
FNDA:0,(anonymous_97)
FNDA:0,(anonymous_98)
FNDA:0,(anonymous_99)
FNDA:0,(anonymous_100)
FNDA:0,(anonymous_101)
FNDA:0,(anonymous_102)
FNDA:0,(anonymous_103)
FNDA:0,(anonymous_104)
FNDA:0,(anonymous_105)
FNDA:0,(anonymous_106)
FNDA:0,(anonymous_107)
FNDA:0,(anonymous_108)
FNDA:0,(anonymous_109)
FNDA:0,(anonymous_110)
FNDA:0,(anonymous_111)
FNDA:0,(anonymous_112)
FNDA:0,(anonymous_113)
FNDA:0,(anonymous_114)
FNDA:0,(anonymous_115)
FNDA:0,(anonymous_116)
FNDA:0,(anonymous_117)
FNDA:0,(anonymous_118)
FNDA:0,(anonymous_119)
FNDA:0,(anonymous_120)
FNDA:0,(anonymous_121)
FNDA:0,(anonymous_122)
FNDA:0,(anonymous_123)
FNDA:0,(anonymous_124)
FNDA:0,(anonymous_125)
FNDA:0,(anonymous_126)
FNDA:0,(anonymous_127)
FNDA:0,(anonymous_128)
FNDA:0,(anonymous_129)
FNDA:0,(anonymous_130)
FNDA:0,(anonymous_131)
FNDA:0,(anonymous_132)
FNDA:0,(anonymous_133)
FNDA:0,(anonymous_134)
FNDA:0,(anonymous_135)
FNDA:0,(anonymous_136)
FNDA:0,(anonymous_137)
FNDA:0,(anonymous_138)
FNDA:0,(anonymous_139)
FNDA:0,(anonymous_140)
FNDA:0,(anonymous_141)
FNDA:0,(anonymous_142)
FNDA:0,(anonymous_143)
FNDA:0,(anonymous_144)
FNDA:0,(anonymous_145)
FNDA:0,(anonymous_146)
FNDA:0,(anonymous_147)
FNDA:0,(anonymous_148)
FNDA:0,(anonymous_149)
FNDA:0,(anonymous_150)
FNDA:0,(anonymous_151)
FNDA:0,(anonymous_152)
FNDA:0,(anonymous_153)
FNDA:0,(anonymous_154)
FNDA:0,(anonymous_155)
FNDA:0,(anonymous_156)
FNDA:0,(anonymous_157)
FNDA:0,(anonymous_158)
FNDA:0,(anonymous_159)
DA:33,0
DA:40,0
DA:49,0
DA:65,0
DA:66,0
DA:67,0
DA:75,0
DA:76,0
DA:77,0
DA:78,0
DA:80,0
DA:81,0
DA:82,0
DA:83,0
DA:84,0
DA:85,0
DA:86,0
DA:88,0
DA:89,0
DA:90,0
DA:91,0
DA:92,0
DA:93,0
DA:94,0
DA:95,0
DA:96,0
DA:97,0
DA:98,0
DA:99,0
DA:101,0
DA:102,0
DA:103,0
DA:104,0
DA:105,0
DA:106,0
DA:108,0
DA:109,0
DA:110,0
DA:111,0
DA:114,0
DA:123,0
DA:124,0
DA:125,0
DA:126,0
DA:127,0
DA:128,0
DA:130,0
DA:131,0
DA:139,0
DA:143,0
DA:144,0
DA:145,0
DA:146,0
DA:147,0
DA:148,0
DA:149,0
DA:151,0
DA:152,0
DA:154,0
DA:155,0
DA:156,0
DA:158,0
DA:159,0
DA:163,0
DA:164,0
DA:166,0
DA:171,0
DA:172,0
DA:173,0
DA:174,0
DA:176,0
DA:177,0
DA:178,0
DA:179,0
DA:180,0
DA:181,0
DA:182,0
DA:184,0
DA:186,0
DA:187,0
DA:192,0
DA:193,0
DA:197,0
DA:198,0
DA:199,0
DA:200,0
DA:202,0
DA:203,0
DA:205,0
DA:209,0
DA:210,0
DA:211,0
DA:213,0
DA:214,0
DA:215,0
DA:217,0
DA:218,0
DA:220,0
DA:221,0
DA:223,0
DA:227,0
DA:228,0
DA:233,0
DA:234,0
DA:237,0
DA:238,0
DA:241,0
DA:242,0
DA:243,0
DA:246,0
DA:248,0
DA:249,0
DA:258,0
DA:267,0
DA:268,0
DA:269,0
DA:279,0
DA:280,0
DA:281,0
DA:282,0
DA:283,0
DA:284,0
DA:285,0
DA:289,0
DA:290,0
DA:291,0
DA:299,0
DA:302,0
DA:303,0
DA:306,0
DA:311,0
DA:312,0
DA:314,0
DA:318,0
DA:320,0
DA:321,0
DA:323,0
DA:324,0
DA:326,0
DA:327,0
DA:329,0
DA:330,0
DA:331,0
DA:338,0
DA:339,0
DA:340,0
DA:347,0
DA:357,0
DA:358,0
DA:359,0
DA:360,0
DA:361,0
DA:362,0
DA:363,0
DA:364,0
DA:369,0
DA:373,0
DA:374,0
DA:377,0
DA:378,0
DA:380,0
DA:381,0
DA:383,0
DA:384,0
DA:385,0
DA:386,0
DA:396,0
DA:398,0
DA:399,0
DA:400,0
DA:401,0
DA:402,0
DA:403,0
DA:407,0
DA:408,0
DA:409,0
DA:412,0
DA:413,0
DA:414,0
DA:417,0
DA:418,0
DA:419,0
DA:421,0
DA:422,0
DA:424,0
DA:425,0
DA:427,0
DA:428,0
DA:429,0
DA:433,0
DA:440,0
DA:444,0
DA:454,0
DA:456,0
DA:457,0
DA:458,0
DA:459,0
DA:463,0
DA:464,0
DA:466,0
DA:467,0
DA:468,0
DA:471,0
DA:474,0
DA:475,0
DA:476,0
DA:477,0
DA:478,0
DA:481,0
DA:482,0
DA:483,0
DA:484,0
DA:485,0
DA:486,0
DA:489,0
DA:491,0
DA:492,0
DA:493,0
DA:496,0
DA:498,0
DA:499,0
DA:501,0
DA:502,0
DA:505,0
DA:506,0
DA:507,0
DA:515,0
DA:516,0
DA:517,0
DA:524,0
DA:534,0
DA:535,0
DA:538,0
DA:539,0
DA:540,0
DA:541,0
DA:542,0
DA:543,0
DA:549,0
DA:552,0
DA:554,0
DA:556,0
DA:558,0
DA:559,0
DA:560,0
DA:563,0
DA:564,0
DA:565,0
DA:568,0
DA:569,0
DA:570,0
DA:573,0
DA:574,0
DA:576,0
DA:577,0
DA:578,0
DA:582,0
DA:591,0
DA:596,0
DA:606,0
DA:607,0
DA:608,0
DA:611,0
DA:612,0
DA:613,0
DA:616,0
DA:617,0
DA:618,0
DA:619,0
DA:623,0
DA:624,0
DA:627,0
DA:628,0
DA:629,0
DA:632,0
DA:633,0
DA:634,0
DA:637,0
DA:638,0
DA:639,0
DA:640,0
DA:641,0
DA:644,0
DA:645,0
DA:646,0
DA:647,0
DA:648,0
DA:649,0
DA:652,0
DA:653,0
DA:654,0
DA:655,0
DA:658,0
DA:659,0
DA:660,0
DA:661,0
DA:662,0
DA:663,0
DA:666,0
DA:667,0
DA:669,0
DA:671,0
DA:672,0
DA:673,0
DA:674,0
DA:676,0
DA:677,0
DA:679,0
DA:680,0
DA:682,0
DA:683,0
DA:684,0
DA:685,0
DA:686,0
DA:689,0
DA:691,0
DA:692,0
DA:693,0
DA:694,0
DA:695,0
DA:696,0
DA:697,0
DA:701,0
DA:704,0
DA:705,0
DA:707,0
DA:708,0
DA:710,0
DA:711,0
DA:712,0
DA:715,0
DA:716,0
DA:717,0
DA:718,0
DA:719,0
DA:720,0
DA:722,0
DA:723,0
DA:724,0
DA:726,0
DA:727,0
DA:729,0
DA:730,0
DA:732,0
DA:733,0
DA:734,0
DA:736,0
DA:737,0
DA:738,0
DA:741,0
DA:743,0
DA:748,0
DA:751,0
DA:760,0
DA:761,0
DA:762,0
DA:763,0
DA:767,0
DA:769,0
DA:770,0
DA:771,0
DA:772,0
DA:775,0
DA:776,0
DA:781,0
DA:782,0
DA:783,0
DA:786,0
DA:787,0
DA:789,0
DA:792,0
DA:795,0
DA:796,0
DA:798,0
DA:799,0
DA:800,0
DA:801,0
DA:804,0
DA:807,0
DA:808,0
DA:810,0
DA:811,0
DA:812,0
DA:813,0
DA:814,0
DA:819,0
DA:820,0
DA:821,0
DA:822,0
DA:825,0
DA:826,0
DA:827,0
DA:829,0
DA:830,0
DA:831,0
DA:835,0
DA:836,0
DA:837,0
DA:838,0
DA:839,0
DA:840,0
DA:842,0
DA:843,0
DA:845,0
DA:846,0
DA:847,0
DA:848,0
DA:849,0
DA:852,0
DA:853,0
DA:854,0
DA:855,0
DA:856,0
DA:857,0
DA:858,0
DA:861,0
DA:868,0
DA:869,0
DA:873,0
DA:874,0
DA:875,0
DA:877,0
DA:878,0
DA:880,0
DA:881,0
DA:882,0
DA:883,0
DA:884,0
DA:885,0
DA:887,0
DA:889,0
DA:890,0
DA:891,0
DA:892,0
DA:894,0
DA:895,0
DA:896,0
DA:897,0
DA:898,0
DA:899,0
DA:900,0
DA:901,0
DA:902,0
DA:903,0
DA:905,0
DA:906,0
DA:907,0
DA:910,0
DA:912,0
DA:919,0
DA:921,0
DA:922,0
DA:923,0
DA:924,0
DA:926,0
DA:927,0
DA:931,0
DA:932,0
DA:933,0
DA:934,0
DA:935,0
DA:936,0
DA:937,0
DA:938,0
DA:939,0
DA:940,0
DA:941,0
DA:942,0
DA:945,0
DA:946,0
DA:948,0
DA:949,0
DA:950,0
DA:951,0
DA:952,0
DA:953,0
DA:957,0
DA:993,0
DA:994,0
DA:995,0
DA:997,0
DA:1024,0
DA:1025,0
DA:1027,0
DA:1043,0
DA:1067,0
DA:1085,0
DA:1094,0
DA:1109,0
DA:1142,0
DA:1148,0
DA:1150,0
DA:1174,0
DA:1186,0
DA:1199,0
DA:1210,0
DA:1230,0
DA:1231,0
DA:1232,0
DA:1233,0
DA:1235,0
DA:1256,0
DA:1258,0
DA:1279,0
DA:1297,0
DA:1315,0
DA:1322,0
DA:1337,0
DA:1358,0
DA:1364,0
DA:1388,0
DA:1434,0
DA:1474,0
DA:1517,0
DA:1594,0
DA:1615,0
DA:1633,0
DA:1652,0
DA:1653,0
DA:1682,0
DA:1722,0
DA:1765,0
DA:1822,0
DA:1829,0
DA:1830,0
DA:1831,0
DA:1835,0
DA:1836,0
DA:1837,0
DA:1838,0
DA:1839,0
DA:1840,0
DA:1841,0
DA:1842,0
DA:1844,0
DA:1845,0
DA:1849,0
DA:1850,0
DA:1851,0
DA:1852,0
DA:1853,0
DA:1854,0
DA:1855,0
DA:1856,0
DA:1857,0
LF:545
LH:0
BRDA:91,0,0,0
BRDA:91,0,1,0
BRDA:92,1,0,0
BRDA:92,1,1,0
BRDA:93,2,0,0
BRDA:93,2,1,0
BRDA:94,3,0,0
BRDA:94,3,1,0
BRDA:146,4,0,0
BRDA:146,4,1,0
BRDA:146,5,0,0
BRDA:146,5,1,0
BRDA:146,6,0,0
BRDA:146,6,1,0
BRDA:147,7,0,0
BRDA:147,7,1,0
BRDA:149,8,0,0
BRDA:149,8,1,0
BRDA:151,9,0,0
BRDA:151,9,1,0
BRDA:154,10,0,0
BRDA:154,10,1,0
BRDA:154,11,0,0
BRDA:154,11,1,0
BRDA:156,12,0,0
BRDA:156,12,1,0
BRDA:158,13,0,0
BRDA:158,13,1,0
BRDA:179,14,0,0
BRDA:179,14,1,0
BRDA:187,15,0,0
BRDA:187,15,1,0
BRDA:199,16,0,0
BRDA:199,16,1,0
BRDA:202,17,0,0
BRDA:202,17,1,0
BRDA:210,18,0,0
BRDA:210,18,1,0
BRDA:214,19,0,0
BRDA:214,19,1,0
BRDA:217,20,0,0
BRDA:217,20,1,0
BRDA:220,21,0,0
BRDA:220,21,1,0
BRDA:234,22,0,0
BRDA:234,22,1,0
BRDA:241,23,0,0
BRDA:241,23,1,0
BRDA:248,24,0,0
BRDA:248,24,1,0
BRDA:272,25,0,0
BRDA:272,25,1,0
BRDA:279,26,0,0
BRDA:279,26,1,0
BRDA:280,27,0,0
BRDA:280,27,1,0
BRDA:284,28,0,0
BRDA:284,28,1,0
BRDA:284,29,0,0
BRDA:284,29,1,0
BRDA:295,30,0,0
BRDA:295,30,1,0
BRDA:305,31,0,0
BRDA:305,31,1,0
BRDA:332,32,0,0
BRDA:332,32,1,0
BRDA:332,32,2,0
BRDA:332,32,3,0
BRDA:341,33,0,0
BRDA:341,33,1,0
BRDA:341,33,2,0
BRDA:357,34,0,0
BRDA:357,34,1,0
BRDA:357,35,0,0
BRDA:357,35,1,0
BRDA:359,36,0,0
BRDA:359,36,1,0
BRDA:359,37,0,0
BRDA:359,37,1,0
BRDA:378,38,0,0
BRDA:378,38,1,0
BRDA:398,39,0,0
BRDA:398,39,1,0
BRDA:402,40,0,0
BRDA:402,40,1,0
BRDA:402,41,0,0
BRDA:402,41,1,0
BRDA:425,42,0,0
BRDA:425,42,1,0
BRDA:429,43,0,0
BRDA:429,43,1,0
BRDA:437,44,0,0
BRDA:437,44,1,0
BRDA:456,45,0,0
BRDA:456,45,1,0
BRDA:458,46,0,0
BRDA:458,46,1,0
BRDA:458,47,0,0
BRDA:458,47,1,0
BRDA:464,48,0,0
BRDA:464,48,1,0
BRDA:466,49,0,0
BRDA:466,49,1,0
BRDA:491,50,0,0
BRDA:491,50,1,0
BRDA:493,51,0,0
BRDA:493,51,1,0
BRDA:508,52,0,0
BRDA:508,52,1,0
BRDA:508,52,2,0
BRDA:508,52,3,0
BRDA:518,53,0,0
BRDA:518,53,1,0
BRDA:518,53,2,0
BRDA:534,54,0,0
BRDA:534,54,1,0
BRDA:534,55,0,0
BRDA:534,55,1,0
BRDA:538,56,0,0
BRDA:538,56,1,0
BRDA:538,57,0,0
BRDA:538,57,1,0
BRDA:563,58,0,0
BRDA:563,58,1,0
BRDA:563,59,0,0
BRDA:563,59,1,0
BRDA:563,59,2,0
BRDA:574,60,0,0
BRDA:574,60,1,0
BRDA:578,61,0,0
BRDA:578,61,1,0
BRDA:587,62,0,0
BRDA:587,62,1,0
BRDA:599,63,0,0
BRDA:599,63,1,0
BRDA:606,64,0,0
BRDA:606,64,1,0
BRDA:608,65,0,0
BRDA:608,65,1,0
BRDA:608,66,0,0
BRDA:608,66,1,0
BRDA:610,67,0,0
BRDA:610,67,1,0
BRDA:612,68,0,0
BRDA:612,68,1,0
BRDA:612,69,0,0
BRDA:612,69,1,0
BRDA:624,70,0,0
BRDA:624,70,1,0
BRDA:627,71,0,0
BRDA:627,71,1,0
BRDA:659,72,0,0
BRDA:659,72,1,0
BRDA:661,73,0,0
BRDA:661,73,1,0
BRDA:671,74,0,0
BRDA:671,74,1,0
BRDA:671,75,0,0
BRDA:671,75,1,0
BRDA:683,76,0,0
BRDA:683,76,1,0
BRDA:683,76,2,0
BRDA:683,76,3,0
BRDA:684,77,0,0
BRDA:684,77,1,0
BRDA:684,77,2,0
BRDA:685,78,0,0
BRDA:685,78,1,0
BRDA:686,79,0,0
BRDA:686,79,1,0
BRDA:689,80,0,0
BRDA:689,80,1,0
BRDA:689,81,0,0
BRDA:689,81,1,0
BRDA:704,82,0,0
BRDA:704,82,1,0
BRDA:704,83,0,0
BRDA:704,83,1,0
BRDA:715,84,0,0
BRDA:715,84,1,0
BRDA:724,85,0,0
BRDA:724,85,1,0
BRDA:729,86,0,0
BRDA:729,86,1,0
BRDA:729,86,2,0
BRDA:729,86,3,0
BRDA:730,87,0,0
BRDA:730,87,1,0
BRDA:730,87,2,0
BRDA:738,88,0,0
BRDA:738,88,1,0
BRDA:741,89,0,0
BRDA:741,89,1,0
BRDA:754,90,0,0
BRDA:754,90,1,0
BRDA:760,91,0,0
BRDA:760,91,1,0
BRDA:761,92,0,0
BRDA:761,92,1,0
BRDA:762,93,0,0
BRDA:762,93,1,0
BRDA:762,94,0,0
BRDA:762,94,1,0
BRDA:767,95,0,0
BRDA:767,95,1,0
BRDA:781,96,0,0
BRDA:781,96,1,0
BRDA:800,97,0,0
BRDA:800,97,1,0
BRDA:801,98,0,0
BRDA:801,98,1,0
BRDA:822,99,0,0
BRDA:822,99,1,0
BRDA:825,100,0,0
BRDA:825,100,1,0
BRDA:825,101,0,0
BRDA:825,101,1,0
BRDA:829,102,0,0
BRDA:829,102,1,0
BRDA:829,103,0,0
BRDA:829,103,1,0
BRDA:835,104,0,0
BRDA:835,104,1,0
BRDA:835,105,0,0
BRDA:835,105,1,0
BRDA:846,106,0,0
BRDA:846,106,1,0
BRDA:846,106,2,0
BRDA:846,106,3,0
BRDA:847,107,0,0
BRDA:847,107,1,0
BRDA:847,107,2,0
BRDA:848,108,0,0
BRDA:848,108,1,0
BRDA:849,109,0,0
BRDA:849,109,1,0
BRDA:852,110,0,0
BRDA:852,110,1,0
BRDA:852,111,0,0
BRDA:852,111,1,0
BRDA:874,112,0,0
BRDA:874,112,1,0
BRDA:875,113,0,0
BRDA:875,113,1,0
BRDA:875,114,0,0
BRDA:875,114,1,0
BRDA:880,115,0,0
BRDA:880,115,1,0
BRDA:880,116,0,0
BRDA:880,116,1,0
BRDA:887,117,0,0
BRDA:887,117,1,0
BRDA:896,118,0,0
BRDA:896,118,1,0
BRDA:899,119,0,0
BRDA:899,119,1,0
BRDA:899,119,2,0
BRDA:899,119,3,0
BRDA:900,120,0,0
BRDA:900,120,1,0
BRDA:900,120,2,0
BRDA:907,121,0,0
BRDA:907,121,1,0
BRDA:910,122,0,0
BRDA:910,122,1,0
BRDA:919,123,0,0
BRDA:919,123,1,0
BRDA:931,124,0,0
BRDA:931,124,1,0
BRDA:940,125,0,0
BRDA:940,125,1,0
BRDA:941,126,0,0
BRDA:941,126,1,0
BRDA:976,127,0,0
BRDA:976,127,1,0
BRDA:979,128,0,0
BRDA:979,128,1,0
BRDA:999,129,0,0
BRDA:999,129,1,0
BRDA:1002,130,0,0
BRDA:1002,130,1,0
BRDA:1028,131,0,0
BRDA:1028,131,1,0
BRDA:1031,132,0,0
BRDA:1031,132,1,0
BRDA:1082,133,0,0
BRDA:1082,133,1,0
BRDA:1121,134,0,0
BRDA:1121,134,1,0
BRDA:1121,134,2,0
BRDA:1121,134,3,0
BRDA:1127,135,0,0
BRDA:1127,135,1,0
BRDA:1153,136,0,0
BRDA:1153,136,1,0
BRDA:1154,137,0,0
BRDA:1154,137,1,0
BRDA:1155,138,0,0
BRDA:1155,138,1,0
BRDA:1156,139,0,0
BRDA:1156,139,1,0
BRDA:1157,140,0,0
BRDA:1157,140,1,0
BRDA:1158,141,0,0
BRDA:1158,141,1,0
BRDA:1159,142,0,0
BRDA:1159,142,1,0
BRDA:1179,143,0,0
BRDA:1179,143,1,0
BRDA:1186,144,0,0
BRDA:1186,144,1,0
BRDA:1190,145,0,0
BRDA:1190,145,1,0
BRDA:1192,146,0,0
BRDA:1192,146,1,0
BRDA:1199,147,0,0
BRDA:1199,147,1,0
BRDA:1203,148,0,0
BRDA:1203,148,1,0
BRDA:1205,149,0,0
BRDA:1205,149,1,0
BRDA:1235,150,0,0
BRDA:1235,150,1,0
BRDA:1248,151,0,0
BRDA:1248,151,1,0
BRDA:1275,152,0,0
BRDA:1275,152,1,0
BRDA:1285,153,0,0
BRDA:1285,153,1,0
BRDA:1299,154,0,0
BRDA:1299,154,1,0
BRDA:1305,155,0,0
BRDA:1305,155,1,0
BRDA:1306,156,0,0
BRDA:1306,156,1,0
BRDA:1335,157,0,0
BRDA:1335,157,1,0
BRDA:1346,158,0,0
BRDA:1346,158,1,0
BRDA:1346,159,0,0
BRDA:1346,159,1,0
BRDA:1349,160,0,0
BRDA:1349,160,1,0
BRDA:1355,161,0,0
BRDA:1355,161,1,0
BRDA:1355,161,2,0
BRDA:1365,162,0,0
BRDA:1365,162,1,0
BRDA:1365,163,0,0
BRDA:1365,163,1,0
BRDA:1366,164,0,0
BRDA:1366,164,1,0
BRDA:1369,165,0,0
BRDA:1369,165,1,0
BRDA:1369,166,0,0
BRDA:1369,166,1,0
BRDA:1398,167,0,0
BRDA:1398,167,1,0
BRDA:1426,168,0,0
BRDA:1426,168,1,0
BRDA:1455,169,0,0
BRDA:1455,169,1,0
BRDA:1466,170,0,0
BRDA:1466,170,1,0
BRDA:1521,171,0,0
BRDA:1521,171,1,0
BRDA:1521,172,0,0
BRDA:1521,172,1,0
BRDA:1523,173,0,0
BRDA:1523,173,1,0
BRDA:1556,174,0,0
BRDA:1556,174,1,0
BRDA:1559,175,0,0
BRDA:1559,175,1,0
BRDA:1586,176,0,0
BRDA:1586,176,1,0
BRDA:1602,177,0,0
BRDA:1602,177,1,0
BRDA:1610,178,0,0
BRDA:1610,178,1,0
BRDA:1634,179,0,0
BRDA:1634,179,1,0
BRDA:1653,180,0,0
BRDA:1653,180,1,0
BRDA:1653,181,0,0
BRDA:1653,181,1,0
BRDA:1653,182,0,0
BRDA:1653,182,1,0
BRDA:1674,183,0,0
BRDA:1674,183,1,0
BRDA:1703,184,0,0
BRDA:1703,184,1,0
BRDA:1714,185,0,0
BRDA:1714,185,1,0
BRDA:1769,186,0,0
BRDA:1769,186,1,0
BRDA:1769,187,0,0
BRDA:1769,187,1,0
BRDA:1771,188,0,0
BRDA:1771,188,1,0
BRDA:1805,189,0,0
BRDA:1805,189,1,0
BRDA:1807,190,0,0
BRDA:1807,190,1,0
BRDA:1835,191,0,0
BRDA:1835,191,1,0
BRDA:1836,192,0,0
BRDA:1836,192,1,0
BRDA:1837,193,0,0
BRDA:1837,193,1,0
BRDA:1856,194,0,0
BRDA:1856,194,1,0
BRDA:1857,195,0,0
BRDA:1857,195,1,0
BRF:414
BRH:0
end_of_record
TN:
SF:components\ErrorBoundary.tsx
FN:16,(anonymous_0)
FN:21,(anonymous_1)
FN:25,(anonymous_2)
FN:40,(anonymous_3)
FN:43,(anonymous_4)
FN:53,(anonymous_5)
FN:58,(anonymous_6)
FN:101,(anonymous_7)
FN:107,(anonymous_8)
FNF:9
FNH:0
FNDA:0,(anonymous_0)
FNDA:0,(anonymous_1)
FNDA:0,(anonymous_2)
FNDA:0,(anonymous_3)
FNDA:0,(anonymous_4)
FNDA:0,(anonymous_5)
FNDA:0,(anonymous_6)
FNDA:0,(anonymous_7)
FNDA:0,(anonymous_8)
DA:17,0
DA:18,0
DA:22,0
DA:26,0
DA:29,0
DA:30,0
DA:39,0
DA:41,0
DA:45,0
DA:49,0
DA:54,0
DA:56,0
DA:58,0
DA:59,0
DA:60,0
DA:68,0
DA:69,0
DA:70,0
DA:73,0
DA:74,0
DA:77,0
DA:81,0
DA:82,0
DA:83,0
DA:85,0
DA:90,0
DA:101,0
DA:108,0
DA:109,0
DA:111,0
DA:120,0
LF:31
LH:0
BRDA:31,0,0,0
BRDA:31,0,1,0
BRDA:32,1,0,0
BRDA:32,1,1,0
BRDA:33,2,0,0
BRDA:33,2,1,0
BRDA:34,3,0,0
BRDA:34,3,1,0
BRDA:35,4,0,0
BRDA:35,4,1,0
BRDA:41,5,0,0
BRDA:41,5,1,0
BRDA:54,6,0,0
BRDA:54,6,1,0
BRDA:56,7,0,0
BRDA:56,7,1,0
BRDA:56,7,2,0
BRDA:56,7,3,0
BRDA:61,8,0,0
BRDA:61,8,1,0
BRDA:62,9,0,0
BRDA:62,9,1,0
BRDA:64,10,0,0
BRDA:64,10,1,0
BRDA:65,11,0,0
BRDA:65,11,1,0
BRDA:69,12,0,0
BRDA:69,12,1,0
BRDA:90,13,0,0
BRDA:90,13,1,0
BRDA:98,14,0,0
BRDA:98,14,1,0
BRF:32
BRH:0
end_of_record
TN:
SF:components\FacultyDashboard.tsx
FN:25,(anonymous_0)
FN:26,(anonymous_1)
FN:27,(anonymous_2)
FN:28,(anonymous_3)
FN:54,FacultyDashboard
FN:85,(anonymous_5)
FN:99,(anonymous_6)
FN:146,(anonymous_7)
FN:168,(anonymous_8)
FN:173,(anonymous_9)
FN:185,(anonymous_10)
FN:195,(anonymous_11)
FN:198,(anonymous_12)
FN:203,(anonymous_13)
FN:219,(anonymous_14)
FN:230,(anonymous_15)
FN:278,(anonymous_16)
FN:297,(anonymous_17)
FN:298,(anonymous_18)
FN:302,(anonymous_19)
FN:314,(anonymous_20)
FN:373,(anonymous_21)
FN:396,(anonymous_22)
FN:400,(anonymous_23)
FN:428,(anonymous_24)
FN:432,(anonymous_25)
FN:460,(anonymous_26)
FN:464,(anonymous_27)
FN:492,(anonymous_28)
FN:496,(anonymous_29)
FN:528,(anonymous_30)
FN:532,(anonymous_31)
FN:550,(anonymous_32)
FN:559,(anonymous_33)
FN:561,(anonymous_34)
FN:598,(anonymous_35)
FN:602,(anonymous_36)
FN:615,(anonymous_37)
FN:624,(anonymous_38)
FN:633,(anonymous_39)
FN:638,(anonymous_40)
FN:640,(anonymous_41)
FN:704,(anonymous_42)
FNF:43
FNH:0
FNDA:0,(anonymous_0)
FNDA:0,(anonymous_1)
FNDA:0,(anonymous_2)
FNDA:0,(anonymous_3)
FNDA:0,FacultyDashboard
FNDA:0,(anonymous_5)
FNDA:0,(anonymous_6)
FNDA:0,(anonymous_7)
FNDA:0,(anonymous_8)
FNDA:0,(anonymous_9)
FNDA:0,(anonymous_10)
FNDA:0,(anonymous_11)
FNDA:0,(anonymous_12)
FNDA:0,(anonymous_13)
FNDA:0,(anonymous_14)
FNDA:0,(anonymous_15)
FNDA:0,(anonymous_16)
FNDA:0,(anonymous_17)
FNDA:0,(anonymous_18)
FNDA:0,(anonymous_19)
FNDA:0,(anonymous_20)
FNDA:0,(anonymous_21)
FNDA:0,(anonymous_22)
FNDA:0,(anonymous_23)
FNDA:0,(anonymous_24)
FNDA:0,(anonymous_25)
FNDA:0,(anonymous_26)
FNDA:0,(anonymous_27)
FNDA:0,(anonymous_28)
FNDA:0,(anonymous_29)
FNDA:0,(anonymous_30)
FNDA:0,(anonymous_31)
FNDA:0,(anonymous_32)
FNDA:0,(anonymous_33)
FNDA:0,(anonymous_34)
FNDA:0,(anonymous_35)
FNDA:0,(anonymous_36)
FNDA:0,(anonymous_37)
FNDA:0,(anonymous_38)
FNDA:0,(anonymous_39)
FNDA:0,(anonymous_40)
FNDA:0,(anonymous_41)
FNDA:0,(anonymous_42)
DA:25,0
DA:26,0
DA:27,0
DA:28,0
DA:67,0
DA:71,0
DA:73,0
DA:76,0
DA:85,0
DA:86,0
DA:87,0
DA:88,0
DA:90,0
DA:91,0
DA:93,0
DA:99,0
DA:100,0
DA:101,0
DA:102,0
DA:103,0
DA:104,0
DA:105,0
DA:109,0
DA:112,0
DA:113,0
DA:114,0
DA:115,0
DA:116,0
DA:117,0
DA:120,0
DA:121,0
DA:122,0
DA:123,0
DA:124,0
DA:125,0
DA:128,0
DA:129,0
DA:131,0
DA:132,0
DA:133,0
DA:134,0
DA:135,0
DA:136,0
DA:137,0
DA:138,0
DA:142,0
DA:146,0
DA:154,0
DA:155,0
DA:157,0
DA:158,0
DA:159,0
DA:160,0
DA:161,0
DA:168,0
DA:169,0
DA:173,0
DA:174,0
DA:176,0
DA:177,0
DA:178,0
DA:179,0
DA:180,0
DA:185,0
DA:186,0
DA:187,0
DA:188,0
DA:189,0
DA:195,0
DA:196,0
DA:198,0
DA:199,0
DA:200,0
DA:203,0
DA:204,0
DA:205,0
DA:206,0
DA:208,0
DA:210,0
DA:213,0
DA:217,0
DA:219,0
DA:220,0
DA:222,0
DA:224,0
DA:226,0
DA:230,0
DA:231,0
DA:232,0
DA:233,0
DA:234,0
DA:236,0
DA:237,0
DA:238,0
DA:239,0
DA:241,0
DA:249,0
DA:250,0
DA:252,0
DA:278,0
DA:297,0
DA:300,0
DA:302,0
DA:303,0
DA:314,0
DA:373,0
DA:397,0
DA:398,0
DA:401,0
DA:402,0
DA:403,0
DA:404,0
DA:429,0
DA:430,0
DA:433,0
DA:434,0
DA:435,0
DA:436,0
DA:461,0
DA:462,0
DA:465,0
DA:466,0
DA:467,0
DA:468,0
DA:493,0
DA:494,0
DA:497,0
DA:498,0
DA:499,0
DA:500,0
DA:529,0
DA:530,0
DA:533,0
DA:534,0
DA:535,0
DA:536,0
DA:550,0
DA:559,0
DA:562,0
DA:599,0
DA:600,0
DA:603,0
DA:604,0
DA:605,0
DA:606,0
DA:616,0
DA:617,0
DA:618,0
DA:624,0
DA:634,0
DA:635,0
DA:636,0
DA:638,0
DA:641,0
DA:705,0
LF:155
LH:0
BRDA:86,0,0,0
BRDA:86,0,1,0
BRDA:100,1,0,0
BRDA:100,1,1,0
BRDA:100,2,0,0
BRDA:100,2,1,0
BRDA:100,2,2,0
BRDA:100,2,3,0
BRDA:100,2,4,0
BRDA:112,3,0,0
BRDA:112,3,1,0
BRDA:120,4,0,0
BRDA:120,4,1,0
BRDA:133,5,0,0
BRDA:133,5,1,0
BRDA:146,6,0,0
BRDA:146,6,1,0
BRDA:150,7,0,0
BRDA:150,7,1,0
BRDA:176,8,0,0
BRDA:176,8,1,0
BRDA:176,9,0,0
BRDA:176,9,1,0
BRDA:187,10,0,0
BRDA:187,10,1,0
BRDA:187,11,0,0
BRDA:187,11,1,0
BRDA:200,12,0,0
BRDA:200,12,1,0
BRDA:200,13,0,0
BRDA:200,13,1,0
BRDA:205,14,0,0
BRDA:205,14,1,0
BRDA:205,15,0,0
BRDA:205,15,1,0
BRDA:206,16,0,0
BRDA:206,16,1,0
BRDA:207,17,0,0
BRDA:207,17,1,0
BRDA:220,18,0,0
BRDA:220,18,1,0
BRDA:220,18,2,0
BRDA:236,19,0,0
BRDA:236,19,1,0
BRDA:238,20,0,0
BRDA:238,20,1,0
BRDA:271,21,0,0
BRDA:271,21,1,0
BRDA:271,22,0,0
BRDA:271,22,1,0
BRDA:293,23,0,0
BRDA:293,23,1,0
BRDA:300,24,0,0
BRDA:300,24,1,0
BRDA:401,25,0,0
BRDA:401,25,1,0
BRDA:401,26,0,0
BRDA:401,26,1,0
BRDA:414,27,0,0
BRDA:414,27,1,0
BRDA:433,28,0,0
BRDA:433,28,1,0
BRDA:433,29,0,0
BRDA:433,29,1,0
BRDA:465,30,0,0
BRDA:465,30,1,0
BRDA:465,31,0,0
BRDA:465,31,1,0
BRDA:497,32,0,0
BRDA:497,32,1,0
BRDA:497,33,0,0
BRDA:497,33,1,0
BRDA:533,34,0,0
BRDA:533,34,1,0
BRDA:533,35,0,0
BRDA:533,35,1,0
BRDA:545,36,0,0
BRDA:545,36,1,0
BRDA:577,37,0,0
BRDA:577,37,1,0
BRDA:603,38,0,0
BRDA:603,38,1,0
BRDA:603,39,0,0
BRDA:603,39,1,0
BRDA:615,40,0,0
BRDA:615,40,1,0
BRDA:618,41,0,0
BRDA:618,41,1,0
BRDA:636,42,0,0
BRDA:636,42,1,0
BRDA:676,43,0,0
BRDA:676,43,1,0
BRF:92
BRH:0
end_of_record
TN:
SF:components\FacultySchedule.tsx
FN:30,FacultySchedule
FN:35,(anonymous_1)
FN:37,(anonymous_2)
FN:39,(anonymous_3)
FN:52,(anonymous_4)
FN:66,(anonymous_5)
FN:69,(anonymous_6)
FN:83,(anonymous_7)
FN:84,(anonymous_8)
FN:87,(anonymous_9)
FN:88,(anonymous_10)
FN:91,(anonymous_11)
FN:93,(anonymous_12)
FN:104,(anonymous_13)
FN:105,(anonymous_14)
FN:106,(anonymous_15)
FN:108,(anonymous_16)
FN:118,(anonymous_17)
FN:137,(anonymous_18)
FN:177,(anonymous_19)
FN:198,(anonymous_20)
FN:252,(anonymous_21)
FN:282,(anonymous_22)
FN:349,(anonymous_23)
FN:359,(anonymous_24)
FN:360,(anonymous_25)
FN:367,(anonymous_26)
FN:386,(anonymous_27)
FN:415,(anonymous_28)
FN:437,(anonymous_29)
FN:440,(anonymous_30)
FN:443,(anonymous_31)
FN:452,(anonymous_32)
FN:453,(anonymous_33)
FN:458,(anonymous_34)
FN:488,(anonymous_35)
FN:499,(anonymous_36)
FN:503,(anonymous_37)
FN:503,(anonymous_38)
FN:517,(anonymous_39)
FN:541,(anonymous_40)
FN:544,(anonymous_41)
FN:545,(anonymous_42)
FN:558,(anonymous_43)
FN:558,(anonymous_44)
FN:561,(anonymous_45)
FN:562,(anonymous_46)
FN:603,(anonymous_47)
FN:604,(anonymous_48)
FN:647,(anonymous_49)
FN:648,(anonymous_50)
FN:648,(anonymous_51)
FN:653,(anonymous_52)
FN:658,(anonymous_53)
FN:659,(anonymous_54)
FN:661,(anonymous_55)
FN:661,(anonymous_56)
FN:662,(anonymous_57)
FN:663,(anonymous_58)
FN:698,(anonymous_59)
FN:699,(anonymous_60)
FN:705,(anonymous_61)
FN:705,(anonymous_62)
FN:736,(anonymous_63)
FN:737,(anonymous_64)
FN:744,(anonymous_65)
FN:754,(anonymous_66)
FN:755,(anonymous_67)
FN:756,(anonymous_68)
FN:763,(anonymous_69)
FN:773,(anonymous_70)
FN:774,(anonymous_71)
FN:790,clearFacultyScheduleStorageForUser
FNF:73
FNH:0
FNDA:0,FacultySchedule
FNDA:0,(anonymous_1)
FNDA:0,(anonymous_2)
FNDA:0,(anonymous_3)
FNDA:0,(anonymous_4)
FNDA:0,(anonymous_5)
FNDA:0,(anonymous_6)
FNDA:0,(anonymous_7)
FNDA:0,(anonymous_8)
FNDA:0,(anonymous_9)
FNDA:0,(anonymous_10)
FNDA:0,(anonymous_11)
FNDA:0,(anonymous_12)
FNDA:0,(anonymous_13)
FNDA:0,(anonymous_14)
FNDA:0,(anonymous_15)
FNDA:0,(anonymous_16)
FNDA:0,(anonymous_17)
FNDA:0,(anonymous_18)
FNDA:0,(anonymous_19)
FNDA:0,(anonymous_20)
FNDA:0,(anonymous_21)
FNDA:0,(anonymous_22)
FNDA:0,(anonymous_23)
FNDA:0,(anonymous_24)
FNDA:0,(anonymous_25)
FNDA:0,(anonymous_26)
FNDA:0,(anonymous_27)
FNDA:0,(anonymous_28)
FNDA:0,(anonymous_29)
FNDA:0,(anonymous_30)
FNDA:0,(anonymous_31)
FNDA:0,(anonymous_32)
FNDA:0,(anonymous_33)
FNDA:0,(anonymous_34)
FNDA:0,(anonymous_35)
FNDA:0,(anonymous_36)
FNDA:0,(anonymous_37)
FNDA:0,(anonymous_38)
FNDA:0,(anonymous_39)
FNDA:0,(anonymous_40)
FNDA:0,(anonymous_41)
FNDA:0,(anonymous_42)
FNDA:0,(anonymous_43)
FNDA:0,(anonymous_44)
FNDA:0,(anonymous_45)
FNDA:0,(anonymous_46)
FNDA:0,(anonymous_47)
FNDA:0,(anonymous_48)
FNDA:0,(anonymous_49)
FNDA:0,(anonymous_50)
FNDA:0,(anonymous_51)
FNDA:0,(anonymous_52)
FNDA:0,(anonymous_53)
FNDA:0,(anonymous_54)
FNDA:0,(anonymous_55)
FNDA:0,(anonymous_56)
FNDA:0,(anonymous_57)
FNDA:0,(anonymous_58)
FNDA:0,(anonymous_59)
FNDA:0,(anonymous_60)
FNDA:0,(anonymous_61)
FNDA:0,(anonymous_62)
FNDA:0,(anonymous_63)
FNDA:0,(anonymous_64)
FNDA:0,(anonymous_65)
FNDA:0,(anonymous_66)
FNDA:0,(anonymous_67)
FNDA:0,(anonymous_68)
FNDA:0,(anonymous_69)
FNDA:0,(anonymous_70)
FNDA:0,(anonymous_71)
FNDA:0,clearFacultyScheduleStorageForUser
DA:31,0
DA:32,0
DA:33,0
DA:35,0
DA:37,0
DA:39,0
DA:40,0
DA:42,0
DA:43,0
DA:44,0
DA:45,0
DA:47,0
DA:49,0
DA:50,0
DA:52,0
DA:53,0
DA:54,0
DA:57,0
DA:58,0
DA:60,0
DA:61,0
DA:62,0
DA:63,0
DA:66,0
DA:67,0
DA:68,0
DA:69,0
DA:70,0
DA:71,0
DA:72,0
DA:75,0
DA:79,0
DA:80,0
DA:82,0
DA:83,0
DA:84,0
DA:86,0
DA:87,0
DA:88,0
DA:91,0
DA:92,0
DA:93,0
DA:94,0
DA:95,0
DA:96,0
DA:98,0
DA:99,0
DA:104,0
DA:105,0
DA:106,0
DA:108,0
DA:109,0
DA:110,0
DA:118,0
DA:119,0
DA:120,0
DA:121,0
DA:122,0
DA:124,0
DA:125,0
DA:126,0
DA:127,0
DA:129,0
DA:137,0
DA:138,0
DA:178,0
DA:179,0
DA:198,0
DA:199,0
DA:253,0
DA:254,0
DA:271,0
DA:282,0
DA:349,0
DA:359,0
DA:361,0
DA:367,0
DA:387,0
DA:388,0
DA:390,0
DA:391,0
DA:393,0
DA:416,0
DA:438,0
DA:439,0
DA:440,0
DA:441,0
DA:443,0
DA:453,0
DA:454,0
DA:457,0
DA:458,0
DA:459,0
DA:460,0
DA:461,0
DA:462,0
DA:463,0
DA:465,0
DA:468,0
DA:469,0
DA:470,0
DA:472,0
DA:473,0
DA:476,0
DA:480,0
DA:488,0
DA:499,0
DA:503,0
DA:504,0
DA:518,0
DA:519,0
DA:520,0
DA:521,0
DA:541,0
DA:545,0
DA:546,0
DA:547,0
DA:548,0
DA:551,0
DA:552,0
DA:553,0
DA:554,0
DA:558,0
DA:560,0
DA:561,0
DA:562,0
DA:563,0
DA:570,0
DA:571,0
DA:572,0
DA:574,0
DA:579,0
DA:580,0
DA:583,0
DA:586,0
DA:588,0
DA:593,0
DA:594,0
DA:597,0
DA:599,0
DA:600,0
DA:603,0
DA:604,0
DA:606,0
DA:607,0
DA:608,0
DA:609,0
DA:610,0
DA:611,0
DA:612,0
DA:614,0
DA:615,0
DA:616,0
DA:619,0
DA:620,0
DA:621,0
DA:623,0
DA:647,0
DA:648,0
DA:654,0
DA:655,0
DA:656,0
DA:659,0
DA:660,0
DA:661,0
DA:662,0
DA:663,0
DA:664,0
DA:670,0
DA:671,0
DA:672,0
DA:674,0
DA:677,0
DA:678,0
DA:681,0
DA:682,0
DA:683,0
DA:684,0
DA:685,0
DA:687,0
DA:688,0
DA:698,0
DA:700,0
DA:705,0
DA:736,0
DA:738,0
DA:744,0
DA:754,0
DA:755,0
DA:757,0
DA:763,0
DA:773,0
DA:775,0
DA:791,0
DA:792,0
DA:793,0
DA:794,0
DA:795,0
DA:796,0
DA:799,0
DA:800,0
DA:803,0
LF:202
LH:0
BRDA:30,0,0,0
BRDA:32,1,0,0
BRDA:32,1,1,0
BRDA:37,2,0,0
BRDA:37,2,1,0
BRDA:68,3,0,0
BRDA:68,3,1,0
BRDA:68,4,0,0
BRDA:68,4,1,0
BRDA:68,4,2,0
BRDA:71,5,0,0
BRDA:71,5,1,0
BRDA:83,6,0,0
BRDA:83,6,1,0
BRDA:83,6,2,0
BRDA:87,7,0,0
BRDA:87,7,1,0
BRDA:87,7,2,0
BRDA:94,8,0,0
BRDA:94,8,1,0
BRDA:104,9,0,0
BRDA:104,9,1,0
BRDA:124,10,0,0
BRDA:124,10,1,0
BRDA:126,11,0,0
BRDA:126,11,1,0
BRDA:140,12,0,0
BRDA:140,12,1,0
BRDA:150,13,0,0
BRDA:150,13,1,0
BRDA:151,14,0,0
BRDA:151,14,1,0
BRDA:170,15,0,0
BRDA:170,15,1,0
BRDA:184,16,0,0
BRDA:184,16,1,0
BRDA:200,17,0,0
BRDA:200,17,1,0
BRDA:201,18,0,0
BRDA:201,18,1,0
BRDA:213,19,0,0
BRDA:213,19,1,0
BRDA:214,20,0,0
BRDA:214,20,1,0
BRDA:239,21,0,0
BRDA:239,21,1,0
BRDA:259,22,0,0
BRDA:259,22,1,0
BRDA:281,23,0,0
BRDA:281,23,1,0
BRDA:292,24,0,0
BRDA:292,24,1,0
BRDA:349,25,0,0
BRDA:349,25,1,0
BRDA:378,26,0,0
BRDA:378,26,1,0
BRDA:379,27,0,0
BRDA:379,27,1,0
BRDA:387,28,0,0
BRDA:387,28,1,0
BRDA:406,29,0,0
BRDA:406,29,1,0
BRDA:422,30,0,0
BRDA:422,30,1,0
BRDA:443,31,0,0
BRDA:443,31,1,0
BRDA:454,32,0,0
BRDA:454,32,1,0
BRDA:457,33,0,0
BRDA:457,33,1,0
BRDA:482,34,0,0
BRDA:482,34,1,0
BRDA:484,35,0,0
BRDA:484,35,1,0
BRDA:488,36,0,0
BRDA:488,36,1,0
BRDA:499,37,0,0
BRDA:499,37,1,0
BRDA:503,38,0,0
BRDA:503,38,1,0
BRDA:519,39,0,0
BRDA:519,39,1,0
BRDA:534,40,0,0
BRDA:534,40,1,0
BRDA:546,41,0,0
BRDA:546,41,1,0
BRDA:552,42,0,0
BRDA:552,42,1,0
BRDA:563,43,0,0
BRDA:563,43,1,0
BRDA:563,43,2,0
BRDA:563,43,3,0
BRDA:563,43,4,0
BRDA:570,44,0,0
BRDA:570,44,1,0
BRDA:571,45,0,0
BRDA:571,45,1,0
BRDA:609,46,0,0
BRDA:609,46,1,0
BRDA:626,47,0,0
BRDA:626,47,1,0
BRDA:626,47,2,0
BRDA:627,48,0,0
BRDA:627,48,1,0
BRDA:627,48,2,0
BRDA:628,49,0,0
BRDA:628,49,1,0
BRDA:628,50,0,0
BRDA:628,50,1,0
BRDA:630,51,0,0
BRDA:630,51,1,0
BRDA:648,52,0,0
BRDA:648,52,1,0
BRDA:648,53,0,0
BRDA:648,53,1,0
BRDA:659,54,0,0
BRDA:659,54,1,0
BRDA:659,55,0,0
BRDA:659,55,1,0
BRDA:660,56,0,0
BRDA:660,56,1,0
BRDA:664,57,0,0
BRDA:664,57,1,0
BRDA:664,57,2,0
BRDA:664,57,3,0
BRDA:664,57,4,0
BRDA:670,58,0,0
BRDA:670,58,1,0
BRDA:671,59,0,0
BRDA:671,59,1,0
BRDA:708,60,0,0
BRDA:708,60,1,0
BRDA:726,61,0,0
BRDA:726,61,1,0
BRDA:744,62,0,0
BRDA:744,62,1,0
BRDA:763,63,0,0
BRDA:763,63,1,0
BRDA:792,64,0,0
BRDA:792,64,1,0
BRDA:792,65,0,0
BRDA:792,65,1,0
BRDA:794,66,0,0
BRDA:794,66,1,0
BRF:144
BRH:0
end_of_record
TN:
SF:components\Footer.tsx
FN:3,Footer
FNF:1
FNH:0
FNDA:0,Footer
DA:4,0
LF:1
LH:0
BRF:0
BRH:0
end_of_record
TN:
SF:components\LoginForm.tsx
FN:21,(anonymous_0)
FN:22,(anonymous_1)
FN:38,(anonymous_2)
FN:48,(anonymous_3)
FN:52,(anonymous_4)
FN:74,LoginForm
FN:89,(anonymous_6)
FN:93,(anonymous_7)
FN:95,(anonymous_8)
FN:101,(anonymous_9)
FN:132,(anonymous_10)
FN:142,(anonymous_11)
FN:201,(anonymous_12)
FN:257,(anonymous_13)
FN:280,(anonymous_14)
FN:287,(anonymous_15)
FN:292,(anonymous_16)
FN:293,(anonymous_17)
FN:343,(anonymous_18)
FN:353,(anonymous_19)
FN:355,(anonymous_20)
FN:359,(anonymous_21)
FN:361,(anonymous_22)
FN:365,(anonymous_23)
FN:411,(anonymous_24)
FN:413,(anonymous_25)
FN:442,(anonymous_26)
FN:445,(anonymous_27)
FN:470,(anonymous_28)
FN:473,(anonymous_29)
FN:476,(anonymous_30)
FN:483,(anonymous_31)
FN:492,(anonymous_32)
FN:560,(anonymous_33)
FN:561,(anonymous_34)
FN:563,(anonymous_35)
FN:566,(anonymous_36)
FN:587,(anonymous_37)
FN:588,(anonymous_38)
FN:590,(anonymous_39)
FN:593,(anonymous_40)
FN:617,(anonymous_41)
FN:618,(anonymous_42)
FN:620,(anonymous_43)
FN:623,(anonymous_44)
FN:642,(anonymous_45)
FN:644,(anonymous_46)
FN:649,(anonymous_47)
FN:661,(anonymous_48)
FN:677,(anonymous_49)
FN:686,(anonymous_50)
FN:687,(anonymous_51)
FN:689,(anonymous_52)
FN:722,(anonymous_53)
FN:723,(anonymous_54)
FN:725,(anonymous_55)
FN:728,(anonymous_56)
FN:733,(anonymous_57)
FN:735,(anonymous_58)
FN:738,(anonymous_59)
FN:744,(anonymous_60)
FN:771,(anonymous_61)
FN:772,(anonymous_62)
FN:774,(anonymous_63)
FN:777,(anonymous_64)
FN:782,(anonymous_65)
FN:784,(anonymous_66)
FN:787,(anonymous_67)
FN:793,(anonymous_68)
FNF:69
FNH:0
FNDA:0,(anonymous_0)
FNDA:0,(anonymous_1)
FNDA:0,(anonymous_2)
FNDA:0,(anonymous_3)
FNDA:0,(anonymous_4)
FNDA:0,LoginForm
FNDA:0,(anonymous_6)
FNDA:0,(anonymous_7)
FNDA:0,(anonymous_8)
FNDA:0,(anonymous_9)
FNDA:0,(anonymous_10)
FNDA:0,(anonymous_11)
FNDA:0,(anonymous_12)
FNDA:0,(anonymous_13)
FNDA:0,(anonymous_14)
FNDA:0,(anonymous_15)
FNDA:0,(anonymous_16)
FNDA:0,(anonymous_17)
FNDA:0,(anonymous_18)
FNDA:0,(anonymous_19)
FNDA:0,(anonymous_20)
FNDA:0,(anonymous_21)
FNDA:0,(anonymous_22)
FNDA:0,(anonymous_23)
FNDA:0,(anonymous_24)
FNDA:0,(anonymous_25)
FNDA:0,(anonymous_26)
FNDA:0,(anonymous_27)
FNDA:0,(anonymous_28)
FNDA:0,(anonymous_29)
FNDA:0,(anonymous_30)
FNDA:0,(anonymous_31)
FNDA:0,(anonymous_32)
FNDA:0,(anonymous_33)
FNDA:0,(anonymous_34)
FNDA:0,(anonymous_35)
FNDA:0,(anonymous_36)
FNDA:0,(anonymous_37)
FNDA:0,(anonymous_38)
FNDA:0,(anonymous_39)
FNDA:0,(anonymous_40)
FNDA:0,(anonymous_41)
FNDA:0,(anonymous_42)
FNDA:0,(anonymous_43)
FNDA:0,(anonymous_44)
FNDA:0,(anonymous_45)
FNDA:0,(anonymous_46)
FNDA:0,(anonymous_47)
FNDA:0,(anonymous_48)
FNDA:0,(anonymous_49)
FNDA:0,(anonymous_50)
FNDA:0,(anonymous_51)
FNDA:0,(anonymous_52)
FNDA:0,(anonymous_53)
FNDA:0,(anonymous_54)
FNDA:0,(anonymous_55)
FNDA:0,(anonymous_56)
FNDA:0,(anonymous_57)
FNDA:0,(anonymous_58)
FNDA:0,(anonymous_59)
FNDA:0,(anonymous_60)
FNDA:0,(anonymous_61)
FNDA:0,(anonymous_62)
FNDA:0,(anonymous_63)
FNDA:0,(anonymous_64)
FNDA:0,(anonymous_65)
FNDA:0,(anonymous_66)
FNDA:0,(anonymous_67)
FNDA:0,(anonymous_68)
DA:18,0
DA:21,0
DA:22,0
DA:23,0
DA:24,0
DA:25,0
DA:26,0
DA:30,0
DA:31,0
DA:32,0
DA:36,0
DA:37,0
DA:38,0
DA:39,0
DA:40,0
DA:44,0
DA:45,0
DA:46,0
DA:47,0
DA:48,0
DA:49,0
DA:50,0
DA:52,0
DA:53,0
DA:54,0
DA:56,0
DA:75,0
DA:76,0
DA:77,0
DA:85,0
DA:86,0
DA:87,0
DA:88,0
DA:89,0
DA:93,0
DA:94,0
DA:95,0
DA:96,0
DA:101,0
DA:102,0
DA:103,0
DA:104,0
DA:109,0
DA:113,0
DA:123,0
DA:124,0
DA:125,0
DA:127,0
DA:129,0
DA:132,0
DA:133,0
DA:135,0
DA:136,0
DA:138,0
DA:139,0
DA:142,0
DA:143,0
DA:151,0
DA:153,0
DA:154,0
DA:155,0
DA:158,0
DA:159,0
DA:160,0
DA:163,0
DA:164,0
DA:165,0
DA:168,0
DA:169,0
DA:170,0
DA:174,0
DA:175,0
DA:176,0
DA:178,0
DA:179,0
DA:180,0
DA:181,0
DA:182,0
DA:184,0
DA:185,0
DA:186,0
DA:190,0
DA:191,0
DA:192,0
DA:193,0
DA:194,0
DA:195,0
DA:198,0
DA:201,0
DA:202,0
DA:205,0
DA:208,0
DA:209,0
DA:213,0
DA:217,0
DA:218,0
DA:220,0
DA:221,0
DA:222,0
DA:225,0
DA:226,0
DA:227,0
DA:230,0
DA:231,0
DA:232,0
DA:233,0
DA:236,0
DA:238,0
DA:241,0
DA:243,0
DA:244,0
DA:245,0
DA:247,0
DA:251,0
DA:252,0
DA:254,0
DA:257,0
DA:258,0
DA:261,0
DA:270,0
DA:271,0
DA:272,0
DA:273,0
DA:277,0
DA:278,0
DA:279,0
DA:280,0
DA:283,0
DA:284,0
DA:286,0
DA:290,0
DA:291,0
DA:292,0
DA:293,0
DA:296,0
DA:299,0
DA:301,0
DA:302,0
DA:305,0
DA:308,0
DA:309,0
DA:317,0
DA:318,0
DA:321,0
DA:332,0
DA:333,0
DA:342,0
DA:343,0
DA:344,0
DA:348,0
DA:353,0
DA:354,0
DA:355,0
DA:359,0
DA:360,0
DA:361,0
DA:365,0
DA:366,0
DA:368,0
DA:370,0
DA:371,0
DA:373,0
DA:375,0
DA:376,0
DA:378,0
DA:380,0
DA:381,0
DA:383,0
DA:385,0
DA:386,0
DA:388,0
DA:389,0
DA:390,0
DA:391,0
DA:392,0
DA:394,0
DA:395,0
DA:398,0
DA:400,0
DA:401,0
DA:402,0
DA:403,0
DA:405,0
DA:408,0
DA:411,0
DA:412,0
DA:413,0
DA:417,0
DA:443,0
DA:444,0
DA:445,0
DA:471,0
DA:472,0
DA:473,0
DA:478,0
DA:479,0
DA:480,0
DA:481,0
DA:482,0
DA:483,0
DA:492,0
DA:561,0
DA:562,0
DA:563,0
DA:566,0
DA:588,0
DA:589,0
DA:590,0
DA:593,0
DA:618,0
DA:619,0
DA:620,0
DA:623,0
DA:643,0
DA:644,0
DA:648,0
DA:649,0
DA:662,0
DA:678,0
DA:687,0
DA:689,0
DA:723,0
DA:724,0
DA:725,0
DA:730,0
DA:731,0
DA:732,0
DA:733,0
DA:734,0
DA:735,0
DA:738,0
DA:744,0
DA:772,0
DA:773,0
DA:774,0
DA:779,0
DA:780,0
DA:781,0
DA:782,0
DA:783,0
DA:784,0
DA:787,0
DA:793,0
LF:243
LH:0
BRDA:23,0,0,0
BRDA:23,0,1,0
BRDA:30,1,0,0
BRDA:30,1,1,0
BRDA:37,2,0,0
BRDA:37,2,1,0
BRDA:74,3,0,0
BRDA:74,4,0,0
BRDA:94,5,0,0
BRDA:94,5,1,0
BRDA:94,6,0,0
BRDA:94,6,1,0
BRDA:94,6,2,0
BRDA:133,7,0,0
BRDA:133,7,1,0
BRDA:153,8,0,0
BRDA:153,8,1,0
BRDA:158,9,0,0
BRDA:158,9,1,0
BRDA:163,10,0,0
BRDA:163,10,1,0
BRDA:168,11,0,0
BRDA:168,11,1,0
BRDA:168,12,0,0
BRDA:168,12,1,0
BRDA:174,13,0,0
BRDA:174,13,1,0
BRDA:184,14,0,0
BRDA:184,14,1,0
BRDA:184,15,0,0
BRDA:184,15,1,0
BRDA:184,15,2,0
BRDA:184,15,3,0
BRDA:184,15,4,0
BRDA:190,16,0,0
BRDA:190,16,1,0
BRDA:193,17,0,0
BRDA:193,17,1,0
BRDA:205,18,0,0
BRDA:205,18,1,0
BRDA:220,19,0,0
BRDA:220,19,1,0
BRDA:225,20,0,0
BRDA:225,20,1,0
BRDA:230,21,0,0
BRDA:230,21,1,0
BRDA:243,22,0,0
BRDA:243,22,1,0
BRDA:271,23,0,0
BRDA:271,23,1,0
BRDA:279,24,0,0
BRDA:279,24,1,0
BRDA:279,25,0,0
BRDA:279,25,1,0
BRDA:290,26,0,0
BRDA:290,26,1,0
BRDA:290,27,0,0
BRDA:290,27,1,0
BRDA:290,27,2,0
BRDA:317,28,0,0
BRDA:317,28,1,0
BRDA:332,29,0,0
BRDA:332,29,1,0
BRDA:354,30,0,0
BRDA:354,30,1,0
BRDA:354,31,0,0
BRDA:354,31,1,0
BRDA:360,32,0,0
BRDA:360,32,1,0
BRDA:360,33,0,0
BRDA:360,33,1,0
BRDA:368,34,0,0
BRDA:368,34,1,0
BRDA:368,34,2,0
BRDA:368,34,3,0
BRDA:368,34,4,0
BRDA:370,35,0,0
BRDA:370,35,1,0
BRDA:375,36,0,0
BRDA:375,36,1,0
BRDA:380,37,0,0
BRDA:380,37,1,0
BRDA:385,38,0,0
BRDA:385,38,1,0
BRDA:394,39,0,0
BRDA:394,39,1,0
BRDA:394,40,0,0
BRDA:394,40,1,0
BRDA:394,40,2,0
BRDA:394,40,3,0
BRDA:394,40,4,0
BRDA:400,41,0,0
BRDA:400,41,1,0
BRDA:402,42,0,0
BRDA:402,42,1,0
BRDA:412,43,0,0
BRDA:412,43,1,0
BRDA:412,44,0,0
BRDA:412,44,1,0
BRDA:432,45,0,0
BRDA:432,45,1,0
BRDA:444,46,0,0
BRDA:444,46,1,0
BRDA:449,47,0,0
BRDA:449,47,1,0
BRDA:453,48,0,0
BRDA:453,48,1,0
BRDA:467,49,0,0
BRDA:467,49,1,0
BRDA:472,50,0,0
BRDA:472,50,1,0
BRDA:482,51,0,0
BRDA:482,51,1,0
BRDA:487,52,0,0
BRDA:487,52,1,0
BRDA:495,53,0,0
BRDA:495,53,1,0
BRDA:497,54,0,0
BRDA:497,54,1,0
BRDA:499,55,0,0
BRDA:499,55,1,0
BRDA:502,56,0,0
BRDA:502,56,1,0
BRDA:522,57,0,0
BRDA:522,57,1,0
BRDA:524,58,0,0
BRDA:524,58,1,0
BRDA:534,59,0,0
BRDA:534,59,1,0
BRDA:537,60,0,0
BRDA:537,60,1,0
BRDA:542,61,0,0
BRDA:542,61,1,0
BRDA:562,62,0,0
BRDA:562,62,1,0
BRDA:567,63,0,0
BRDA:567,63,1,0
BRDA:571,64,0,0
BRDA:571,64,1,0
BRDA:589,65,0,0
BRDA:589,65,1,0
BRDA:594,66,0,0
BRDA:594,66,1,0
BRDA:598,67,0,0
BRDA:598,67,1,0
BRDA:619,68,0,0
BRDA:619,68,1,0
BRDA:624,69,0,0
BRDA:624,69,1,0
BRDA:628,70,0,0
BRDA:628,70,1,0
BRDA:643,71,0,0
BRDA:643,71,1,0
BRDA:643,72,0,0
BRDA:643,72,1,0
BRDA:648,73,0,0
BRDA:648,73,1,0
BRDA:655,74,0,0
BRDA:655,74,1,0
BRDA:666,75,0,0
BRDA:666,75,1,0
BRDA:675,76,0,0
BRDA:675,76,1,0
BRDA:703,77,0,0
BRDA:703,77,1,0
BRDA:719,78,0,0
BRDA:719,78,1,0
BRDA:724,79,0,0
BRDA:724,79,1,0
BRDA:734,80,0,0
BRDA:734,80,1,0
BRDA:739,81,0,0
BRDA:739,81,1,0
BRDA:747,82,0,0
BRDA:747,82,1,0
BRDA:749,83,0,0
BRDA:749,83,1,0
BRDA:751,84,0,0
BRDA:751,84,1,0
BRDA:754,85,0,0
BRDA:754,85,1,0
BRDA:768,86,0,0
BRDA:768,86,1,0
BRDA:773,87,0,0
BRDA:773,87,1,0
BRDA:783,88,0,0
BRDA:783,88,1,0
BRDA:788,89,0,0
BRDA:788,89,1,0
BRDA:796,90,0,0
BRDA:796,90,1,0
BRDA:798,91,0,0
BRDA:798,91,1,0
BRDA:800,92,0,0
BRDA:800,92,1,0
BRDA:803,93,0,0
BRDA:803,93,1,0
BRDA:812,94,0,0
BRDA:812,94,1,0
BRDA:842,95,0,0
BRDA:842,95,1,0
BRDA:847,96,0,0
BRDA:847,96,1,0
BRF:203
BRH:0
end_of_record
TN:
SF:components\NetworkStatusIndicator.tsx
FN:12,NetworkStatusIndicator
FN:16,(anonymous_1)
FN:17,(anonymous_2)
FN:22,(anonymous_3)
FN:25,(anonymous_4)
FN:35,(anonymous_5)
FN:81,InlineNetworkStatus
FN:84,(anonymous_7)
FN:85,(anonymous_8)
FN:86,(anonymous_9)
FN:93,(anonymous_10)
FNF:11
FNH:0
FNDA:0,NetworkStatusIndicator
FNDA:0,(anonymous_1)
FNDA:0,(anonymous_2)
FNDA:0,(anonymous_3)
FNDA:0,(anonymous_4)
FNDA:0,(anonymous_5)
FNDA:0,InlineNetworkStatus
FNDA:0,(anonymous_7)
FNDA:0,(anonymous_8)
FNDA:0,(anonymous_9)
FNDA:0,(anonymous_10)
DA:13,0
DA:14,0
DA:16,0
DA:17,0
DA:18,0
DA:19,0
DA:22,0
DA:25,0
DA:26,0
DA:30,0
DA:32,0
DA:33,0
DA:35,0
DA:36,0
DA:37,0
DA:41,0
DA:82,0
DA:84,0
DA:85,0
DA:86,0
DA:88,0
DA:90,0
DA:91,0
DA:93,0
DA:94,0
DA:95,0
DA:99,0
DA:101,0
LF:28
LH:0
BRDA:43,0,0,0
BRDA:43,0,1,0
BRDA:59,1,0,0
BRDA:59,1,1,0
BRDA:59,1,2,0
BRDA:99,2,0,0
BRDA:99,2,1,0
BRF:7
BRH:0
end_of_record
TN:
SF:components\NotificationBell.tsx
FN:11,(anonymous_0)
FNF:1
FNH:1
FNDA:2,(anonymous_0)
DA:11,1
DA:14,2
DA:15,2
DA:16,2
DA:18,2
LF:5
LH:5
BRDA:11,0,0,2
BRDA:15,1,0,2
BRDA:15,1,1,2
BRDA:15,1,2,0
BRDA:16,2,0,2
BRDA:16,2,1,2
BRDA:25,3,0,2
BRDA:25,3,1,1
BRF:8
BRH:7
end_of_record
TN:
SF:components\NotificationCenter.tsx
FN:14,(anonymous_0)
FN:57,(anonymous_1)
FN:79,(anonymous_2)
FN:90,(anonymous_3)
FN:92,(anonymous_4)
FN:95,(anonymous_5)
FN:100,(anonymous_6)
FN:106,(anonymous_7)
FN:108,(anonymous_8)
FN:115,(anonymous_9)
FN:140,(anonymous_10)
FN:142,(anonymous_11)
FN:142,(anonymous_12)
FN:169,(anonymous_13)
FNF:14
FNH:0
FNDA:0,(anonymous_0)
FNDA:0,(anonymous_1)
FNDA:0,(anonymous_2)
FNDA:0,(anonymous_3)
FNDA:0,(anonymous_4)
FNDA:0,(anonymous_5)
FNDA:0,(anonymous_6)
FNDA:0,(anonymous_7)
FNDA:0,(anonymous_8)
FNDA:0,(anonymous_9)
FNDA:0,(anonymous_10)
FNDA:0,(anonymous_11)
FNDA:0,(anonymous_12)
FNDA:0,(anonymous_13)
DA:14,0
DA:15,0
DA:16,0
DA:57,0
DA:79,0
DA:82,0
DA:83,0
DA:84,0
DA:85,0
DA:86,0
DA:90,0
DA:91,0
DA:92,0
DA:93,0
DA:95,0
DA:97,0
DA:98,0
DA:100,0
DA:101,0
DA:102,0
DA:106,0
DA:108,0
DA:109,0
DA:110,0
DA:111,0
DA:113,0
DA:115,0
DA:116,0
DA:120,0
DA:122,0
DA:141,0
DA:142,0
DA:143,0
DA:144,0
DA:145,0
DA:147,0
DA:148,0
DA:149,0
DA:151,0
DA:153,0
DA:155,0
DA:157,0
DA:170,0
LF:43
LH:0
BRDA:17,0,0,0
BRDA:17,0,1,0
BRDA:21,1,0,0
BRDA:21,1,1,0
BRDA:23,2,0,0
BRDA:23,2,1,0
BRDA:25,3,0,0
BRDA:25,3,1,0
BRDA:27,4,0,0
BRDA:27,4,1,0
BRDA:29,5,0,0
BRDA:29,5,1,0
BRDA:31,6,0,0
BRDA:31,6,1,0
BRDA:39,7,0,0
BRDA:39,7,1,0
BRDA:40,8,0,0
BRDA:40,8,1,0
BRDA:41,9,0,0
BRDA:41,9,1,0
BRDA:42,10,0,0
BRDA:42,10,1,0
BRDA:43,11,0,0
BRDA:43,11,1,0
BRDA:44,12,0,0
BRDA:44,12,1,0
BRDA:48,13,0,0
BRDA:48,13,1,0
BRDA:54,14,0,0
BRDA:54,14,1,0
BRDA:61,15,0,0
BRDA:61,15,1,0
BRDA:83,16,0,0
BRDA:83,16,1,0
BRDA:91,17,0,0
BRDA:91,17,1,0
BRDA:93,18,0,0
BRDA:93,18,1,0
BRDA:120,19,0,0
BRDA:120,19,1,0
BRDA:124,20,0,0
BRDA:124,20,1,0
BRDA:143,21,0,0
BRDA:143,21,1,0
BRDA:151,22,0,0
BRDA:151,22,1,0
BRDA:167,23,0,0
BRDA:167,23,1,0
BRF:48
BRH:0
end_of_record
TN:
SF:components\PasswordResetDialog.tsx
FN:23,PasswordResetDialog
FN:31,(anonymous_1)
FN:89,(anonymous_2)
FN:132,(anonymous_3)
FN:147,(anonymous_4)
FN:183,(anonymous_5)
FNF:6
FNH:0
FNDA:0,PasswordResetDialog
FNDA:0,(anonymous_1)
FNDA:0,(anonymous_2)
FNDA:0,(anonymous_3)
FNDA:0,(anonymous_4)
FNDA:0,(anonymous_5)
DA:24,0
DA:25,0
DA:26,0
DA:27,0
DA:28,0
DA:29,0
DA:31,0
DA:32,0
DA:33,0
DA:35,0
DA:36,0
DA:37,0
DA:41,0
DA:42,0
DA:43,0
DA:44,0
DA:48,0
DA:49,0
DA:51,0
DA:52,0
DA:53,0
DA:57,0
DA:60,0
DA:62,0
DA:63,0
DA:65,0
DA:66,0
DA:71,0
DA:72,0
DA:73,0
DA:79,0
DA:80,0
DA:85,0
DA:89,0
DA:90,0
DA:92,0
DA:94,0
DA:95,0
DA:96,0
DA:99,0
DA:100,0
DA:101,0
DA:105,0
DA:132,0
DA:147,0
DA:183,0
LF:46
LH:0
BRDA:35,0,0,0
BRDA:35,0,1,0
BRDA:42,1,0,0
BRDA:42,1,1,0
BRDA:51,2,0,0
BRDA:51,2,1,0
BRDA:53,3,0,0
BRDA:53,3,1,0
BRDA:65,4,0,0
BRDA:65,4,1,0
BRDA:92,5,0,0
BRDA:92,5,1,0
BRDA:114,6,0,0
BRDA:114,6,1,0
BRDA:121,7,0,0
BRDA:121,7,1,0
BRDA:158,8,0,0
BRDA:158,8,1,0
BRF:18
BRH:0
end_of_record
TN:
SF:components\PasswordResetPage.tsx
FN:17,PasswordResetPage
FN:28,(anonymous_1)
FN:44,(anonymous_2)
FN:63,(anonymous_3)
FN:83,(anonymous_4)
FN:91,(anonymous_5)
FN:207,(anonymous_6)
FN:214,(anonymous_7)
FN:270,(anonymous_8)
FN:277,(anonymous_9)
FNF:10
FNH:0
FNDA:0,PasswordResetPage
FNDA:0,(anonymous_1)
FNDA:0,(anonymous_2)
FNDA:0,(anonymous_3)
FNDA:0,(anonymous_4)
FNDA:0,(anonymous_5)
FNDA:0,(anonymous_6)
FNDA:0,(anonymous_7)
FNDA:0,(anonymous_8)
FNDA:0,(anonymous_9)
DA:18,0
DA:19,0
DA:20,0
DA:21,0
DA:22,0
DA:23,0
DA:24,0
DA:25,0
DA:28,0
DA:29,0
DA:30,0
DA:32,0
DA:33,0
DA:34,0
DA:39,0
DA:44,0
DA:45,0
DA:46,0
DA:47,0
DA:50,0
DA:51,0
DA:52,0
DA:53,0
DA:54,0
DA:55,0
DA:57,0
DA:58,0
DA:59,0
DA:60,0
DA:63,0
DA:64,0
DA:65,0
DA:67,0
DA:68,0
DA:70,0
DA:71,0
DA:73,0
DA:74,0
DA:76,0
DA:77,0
DA:79,0
DA:83,0
DA:84,0
DA:85,0
DA:86,0
DA:87,0
DA:88,0
DA:91,0
DA:92,0
DA:95,0
DA:96,0
DA:97,0
DA:98,0
DA:101,0
DA:102,0
DA:103,0
DA:106,0
DA:107,0
DA:110,0
DA:113,0
DA:115,0
DA:116,0
DA:117,0
DA:119,0
DA:120,0
DA:121,0
DA:125,0
DA:129,0
DA:130,0
DA:134,0
DA:136,0
DA:137,0
DA:138,0
DA:142,0
DA:143,0
DA:169,0
DA:176,0
DA:183,0
DA:207,0
DA:214,0
DA:270,0
DA:277,0
LF:82
LH:0
BRDA:32,0,0,0
BRDA:32,0,1,0
BRDA:45,1,0,0
BRDA:45,1,1,0
BRDA:51,2,0,0
BRDA:51,2,1,0
BRDA:52,3,0,0
BRDA:52,3,1,0
BRDA:53,4,0,0
BRDA:53,4,1,0
BRDA:53,5,0,0
BRDA:53,5,1,0
BRDA:54,6,0,0
BRDA:54,6,1,0
BRDA:55,7,0,0
BRDA:55,7,1,0
BRDA:57,8,0,0
BRDA:57,8,1,0
BRDA:57,9,0,0
BRDA:57,9,1,0
BRDA:58,10,0,0
BRDA:58,10,1,0
BRDA:64,11,0,0
BRDA:64,11,1,0
BRDA:67,12,0,0
BRDA:67,12,1,0
BRDA:70,13,0,0
BRDA:70,13,1,0
BRDA:73,14,0,0
BRDA:73,14,1,0
BRDA:76,15,0,0
BRDA:76,15,1,0
BRDA:84,16,0,0
BRDA:84,16,1,0
BRDA:96,17,0,0
BRDA:96,17,1,0
BRDA:101,18,0,0
BRDA:101,18,1,0
BRDA:106,19,0,0
BRDA:106,19,1,0
BRDA:119,20,0,0
BRDA:119,20,1,0
BRDA:142,21,0,0
BRDA:142,21,1,0
BRDA:204,22,0,0
BRDA:204,22,1,0
BRDA:216,23,0,0
BRDA:216,23,1,0
BRDA:218,24,0,0
BRDA:218,24,1,0
BRDA:220,25,0,0
BRDA:220,25,1,0
BRDA:224,26,0,0
BRDA:224,26,1,0
BRDA:229,27,0,0
BRDA:229,27,1,0
BRDA:230,28,0,0
BRDA:230,28,1,0
BRDA:231,29,0,0
BRDA:231,29,1,0
BRDA:246,30,0,0
BRDA:246,30,1,0
BRDA:249,31,0,0
BRDA:249,31,1,0
BRDA:249,32,0,0
BRDA:249,32,1,0
BRDA:252,33,0,0
BRDA:252,33,1,0
BRDA:255,34,0,0
BRDA:255,34,1,0
BRDA:267,35,0,0
BRDA:267,35,1,0
BRDA:279,36,0,0
BRDA:279,36,1,0
BRDA:281,37,0,0
BRDA:281,37,1,0
BRDA:283,38,0,0
BRDA:283,38,1,0
BRDA:286,39,0,0
BRDA:286,39,1,0
BRDA:286,39,2,0
BRDA:304,40,0,0
BRDA:304,40,1,0
BRDA:306,41,0,0
BRDA:306,41,1,0
BRF:85
BRH:0
end_of_record
TN:
SF:components\ProfileSettings.tsx
FN:37,ProfileSettings
FN:53,(anonymous_1)
FN:72,(anonymous_2)
FN:91,(anonymous_3)
FN:100,(anonymous_4)
FN:122,(anonymous_5)
FN:131,(anonymous_6)
FN:144,(anonymous_7)
FN:199,(anonymous_8)
FN:212,(anonymous_9)
FN:224,(anonymous_10)
FN:275,(anonymous_11)
FN:286,(anonymous_12)
FN:301,(anonymous_13)
FN:304,(anonymous_14)
FN:315,(anonymous_15)
FN:363,(anonymous_16)
FN:463,(anonymous_17)
FN:501,(anonymous_18)
FN:553,(anonymous_19)
FN:554,(anonymous_20)
FN:556,(anonymous_21)
FN:604,(anonymous_22)
FN:606,(anonymous_23)
FN:611,(anonymous_24)
FN:650,(anonymous_25)
FN:655,(anonymous_26)
FN:656,(anonymous_27)
FN:658,(anonymous_28)
FN:682,(anonymous_29)
FN:716,(anonymous_30)
FN:773,(anonymous_31)
FN:774,(anonymous_32)
FN:776,(anonymous_33)
FN:784,(anonymous_34)
FN:811,(anonymous_35)
FN:812,(anonymous_36)
FN:814,(anonymous_37)
FN:822,(anonymous_38)
FN:853,(anonymous_39)
FN:854,(anonymous_40)
FN:856,(anonymous_41)
FN:864,(anonymous_42)
FN:899,(anonymous_43)
FNF:44
FNH:0
FNDA:0,ProfileSettings
FNDA:0,(anonymous_1)
FNDA:0,(anonymous_2)
FNDA:0,(anonymous_3)
FNDA:0,(anonymous_4)
FNDA:0,(anonymous_5)
FNDA:0,(anonymous_6)
FNDA:0,(anonymous_7)
FNDA:0,(anonymous_8)
FNDA:0,(anonymous_9)
FNDA:0,(anonymous_10)
FNDA:0,(anonymous_11)
FNDA:0,(anonymous_12)
FNDA:0,(anonymous_13)
FNDA:0,(anonymous_14)
FNDA:0,(anonymous_15)
FNDA:0,(anonymous_16)
FNDA:0,(anonymous_17)
FNDA:0,(anonymous_18)
FNDA:0,(anonymous_19)
FNDA:0,(anonymous_20)
FNDA:0,(anonymous_21)
FNDA:0,(anonymous_22)
FNDA:0,(anonymous_23)
FNDA:0,(anonymous_24)
FNDA:0,(anonymous_25)
FNDA:0,(anonymous_26)
FNDA:0,(anonymous_27)
FNDA:0,(anonymous_28)
FNDA:0,(anonymous_29)
FNDA:0,(anonymous_30)
FNDA:0,(anonymous_31)
FNDA:0,(anonymous_32)
FNDA:0,(anonymous_33)
FNDA:0,(anonymous_34)
FNDA:0,(anonymous_35)
FNDA:0,(anonymous_36)
FNDA:0,(anonymous_37)
FNDA:0,(anonymous_38)
FNDA:0,(anonymous_39)
FNDA:0,(anonymous_40)
FNDA:0,(anonymous_41)
FNDA:0,(anonymous_42)
FNDA:0,(anonymous_43)
DA:38,0
DA:43,0
DA:44,0
DA:45,0
DA:46,0
DA:47,0
DA:48,0
DA:53,0
DA:54,0
DA:55,0
DA:56,0
DA:59,0
DA:60,0
DA:64,0
DA:65,0
DA:72,0
DA:73,0
DA:75,0
DA:78,0
DA:79,0
DA:80,0
DA:86,0
DA:91,0
DA:92,0
DA:93,0
DA:94,0
DA:96,0
DA:100,0
DA:101,0
DA:106,0
DA:109,0
DA:110,0
DA:111,0
DA:112,0
DA:113,0
DA:114,0
DA:118,0
DA:119,0
DA:120,0
DA:121,0
DA:122,0
DA:123,0
DA:124,0
DA:127,0
DA:128,0
DA:131,0
DA:132,0
DA:133,0
DA:137,0
DA:141,0
DA:143,0
DA:144,0
DA:146,0
DA:148,0
DA:149,0
DA:150,0
DA:151,0
DA:154,0
DA:155,0
DA:156,0
DA:162,0
DA:173,0
DA:176,0
DA:177,0
DA:178,0
DA:179,0
DA:180,0
DA:183,0
DA:186,0
DA:190,0
DA:192,0
DA:196,0
DA:199,0
DA:200,0
DA:203,0
DA:204,0
DA:205,0
DA:208,0
DA:212,0
DA:213,0
DA:217,0
DA:221,0
DA:224,0
DA:225,0
DA:231,0
DA:234,0
DA:235,0
DA:236,0
DA:240,0
DA:241,0
DA:242,0
DA:243,0
DA:244,0
DA:245,0
DA:247,0
DA:248,0
DA:249,0
DA:250,0
DA:252,0
DA:253,0
DA:254,0
DA:255,0
DA:256,0
DA:257,0
DA:262,0
DA:263,0
DA:264,0
DA:265,0
DA:266,0
DA:267,0
DA:270,0
DA:271,0
DA:275,0
DA:276,0
DA:278,0
DA:280,0
DA:282,0
DA:283,0
DA:286,0
DA:287,0
DA:290,0
DA:297,0
DA:298,0
DA:301,0
DA:304,0
DA:305,0
DA:306,0
DA:307,0
DA:311,0
DA:315,0
DA:316,0
DA:317,0
DA:320,0
DA:325,0
DA:326,0
DA:331,0
DA:332,0
DA:337,0
DA:343,0
DA:353,0
DA:354,0
DA:355,0
DA:359,0
DA:363,0
DA:364,0
DA:365,0
DA:366,0
DA:367,0
DA:371,0
DA:377,0
DA:379,0
DA:380,0
DA:382,0
DA:383,0
DA:386,0
DA:387,0
DA:390,0
DA:392,0
DA:393,0
DA:394,0
DA:398,0
DA:399,0
DA:400,0
DA:401,0
DA:403,0
DA:404,0
DA:405,0
DA:406,0
DA:407,0
DA:409,0
DA:412,0
DA:416,0
DA:417,0
DA:418,0
DA:421,0
DA:422,0
DA:423,0
DA:424,0
DA:425,0
DA:426,0
DA:428,0
DA:432,0
DA:433,0
DA:436,0
DA:437,0
DA:438,0
DA:439,0
DA:440,0
DA:441,0
DA:442,0
DA:443,0
DA:447,0
DA:448,0
DA:454,0
DA:459,0
DA:463,0
DA:464,0
DA:466,0
DA:467,0
DA:468,0
DA:469,0
DA:470,0
DA:471,0
DA:472,0
DA:474,0
DA:475,0
DA:476,0
DA:477,0
DA:480,0
DA:482,0
DA:501,0
DA:554,0
DA:555,0
DA:556,0
DA:605,0
DA:606,0
DA:610,0
DA:611,0
DA:651,0
DA:656,0
DA:658,0
DA:683,0
DA:716,0
DA:774,0
DA:775,0
DA:776,0
DA:784,0
DA:812,0
DA:813,0
DA:814,0
DA:822,0
DA:854,0
DA:855,0
DA:856,0
DA:864,0
DA:899,0
LF:236
LH:0
BRDA:62,0,0,0
BRDA:62,0,1,0
BRDA:62,1,0,0
BRDA:62,1,1,0
BRDA:62,2,0,0
BRDA:62,2,1,0
BRDA:73,3,0,0
BRDA:73,3,1,0
BRDA:73,4,0,0
BRDA:73,4,1,0
BRDA:82,5,0,0
BRDA:82,5,1,0
BRDA:82,6,0,0
BRDA:82,6,1,0
BRDA:82,7,0,0
BRDA:82,7,1,0
BRDA:93,8,0,0
BRDA:93,8,1,0
BRDA:109,9,0,0
BRDA:109,9,1,0
BRDA:112,10,0,0
BRDA:112,10,1,0
BRDA:119,11,0,0
BRDA:119,11,1,0
BRDA:122,12,0,0
BRDA:122,12,1,0
BRDA:132,13,0,0
BRDA:132,13,1,0
BRDA:137,14,0,0
BRDA:137,14,1,0
BRDA:137,15,0,0
BRDA:137,15,1,0
BRDA:139,16,0,0
BRDA:139,16,1,0
BRDA:143,17,0,0
BRDA:143,17,1,0
BRDA:146,18,0,0
BRDA:146,18,1,0
BRDA:146,19,0,0
BRDA:146,19,1,0
BRDA:179,20,0,0
BRDA:179,20,1,0
BRDA:179,21,0,0
BRDA:179,21,1,0
BRDA:193,22,0,0
BRDA:193,22,1,0
BRDA:204,23,0,0
BRDA:204,23,1,0
BRDA:215,24,0,0
BRDA:215,24,1,0
BRDA:215,25,0,0
BRDA:215,25,1,0
BRDA:215,26,0,0
BRDA:215,26,1,0
BRDA:234,27,0,0
BRDA:234,27,1,0
BRDA:240,28,0,0
BRDA:240,28,1,0
BRDA:243,29,0,0
BRDA:243,29,1,0
BRDA:252,30,0,0
BRDA:252,30,1,0
BRDA:252,31,0,0
BRDA:252,31,1,0
BRDA:252,31,2,0
BRDA:252,31,3,0
BRDA:255,32,0,0
BRDA:255,32,1,0
BRDA:262,33,0,0
BRDA:262,33,1,0
BRDA:265,34,0,0
BRDA:265,34,1,0
BRDA:276,35,0,0
BRDA:276,35,1,0
BRDA:306,36,0,0
BRDA:306,36,1,0
BRDA:331,37,0,0
BRDA:331,37,1,0
BRDA:354,38,0,0
BRDA:354,38,1,0
BRDA:366,39,0,0
BRDA:366,39,1,0
BRDA:372,40,0,0
BRDA:372,40,1,0
BRDA:379,41,0,0
BRDA:379,41,1,0
BRDA:382,42,0,0
BRDA:382,42,1,0
BRDA:382,43,0,0
BRDA:382,43,1,0
BRDA:383,44,0,0
BRDA:383,44,1,0
BRDA:386,45,0,0
BRDA:386,45,1,0
BRDA:386,46,0,0
BRDA:386,46,1,0
BRDA:393,47,0,0
BRDA:393,47,1,0
BRDA:398,48,0,0
BRDA:398,48,1,0
BRDA:400,49,0,0
BRDA:400,49,1,0
BRDA:400,50,0,0
BRDA:400,50,1,0
BRDA:404,51,0,0
BRDA:404,51,1,0
BRDA:409,52,0,0
BRDA:409,52,1,0
BRDA:412,53,0,0
BRDA:412,53,1,0
BRDA:416,54,0,0
BRDA:416,54,1,0
BRDA:417,55,0,0
BRDA:417,55,1,0
BRDA:422,56,0,0
BRDA:422,56,1,0
BRDA:428,57,0,0
BRDA:428,57,1,0
BRDA:436,58,0,0
BRDA:436,58,1,0
BRDA:438,59,0,0
BRDA:438,59,1,0
BRDA:438,60,0,0
BRDA:438,60,1,0
BRDA:440,61,0,0
BRDA:440,61,1,0
BRDA:440,62,0,0
BRDA:440,62,1,0
BRDA:442,63,0,0
BRDA:442,63,1,0
BRDA:447,64,0,0
BRDA:447,64,1,0
BRDA:455,65,0,0
BRDA:455,65,1,0
BRDA:464,66,0,0
BRDA:464,66,1,0
BRDA:467,67,0,0
BRDA:467,67,1,0
BRDA:468,68,0,0
BRDA:468,68,1,0
BRDA:469,69,0,0
BRDA:469,69,1,0
BRDA:470,70,0,0
BRDA:470,70,1,0
BRDA:471,71,0,0
BRDA:471,71,1,0
BRDA:472,72,0,0
BRDA:472,72,1,0
BRDA:474,73,0,0
BRDA:474,73,1,0
BRDA:475,74,0,0
BRDA:475,74,1,0
BRDA:476,75,0,0
BRDA:476,75,1,0
BRDA:497,76,0,0
BRDA:497,76,1,0
BRDA:523,77,0,0
BRDA:523,77,1,0
BRDA:544,78,0,0
BRDA:544,78,1,0
BRDA:555,79,0,0
BRDA:555,79,1,0
BRDA:559,80,0,0
BRDA:559,80,1,0
BRDA:562,81,0,0
BRDA:562,81,1,0
BRDA:591,82,0,0
BRDA:591,82,1,0
BRDA:592,83,0,0
BRDA:592,83,1,0
BRDA:599,84,0,0
BRDA:599,84,1,0
BRDA:600,85,0,0
BRDA:600,85,1,0
BRDA:605,86,0,0
BRDA:605,86,1,0
BRDA:605,87,0,0
BRDA:605,87,1,0
BRDA:610,88,0,0
BRDA:610,88,1,0
BRDA:616,89,0,0
BRDA:616,89,1,0
BRDA:626,90,0,0
BRDA:626,90,1,0
BRDA:633,91,0,0
BRDA:633,91,1,0
BRDA:640,92,0,0
BRDA:640,92,1,0
BRDA:648,93,0,0
BRDA:648,93,1,0
BRDA:670,94,0,0
BRDA:670,94,1,0
BRDA:680,95,0,0
BRDA:680,95,1,0
BRDA:680,96,0,0
BRDA:680,96,1,0
BRDA:687,97,0,0
BRDA:687,97,1,0
BRDA:718,98,0,0
BRDA:718,98,1,0
BRDA:720,99,0,0
BRDA:720,99,1,0
BRDA:725,100,0,0
BRDA:725,100,1,0
BRDA:770,101,0,0
BRDA:770,101,1,0
BRDA:775,102,0,0
BRDA:775,102,1,0
BRDA:779,103,0,0
BRDA:779,103,1,0
BRDA:786,104,0,0
BRDA:786,104,1,0
BRDA:788,105,0,0
BRDA:788,105,1,0
BRDA:791,106,0,0
BRDA:791,106,1,0
BRDA:794,107,0,0
BRDA:794,107,1,0
BRDA:808,108,0,0
BRDA:808,108,1,0
BRDA:813,109,0,0
BRDA:813,109,1,0
BRDA:817,110,0,0
BRDA:817,110,1,0
BRDA:824,111,0,0
BRDA:824,111,1,0
BRDA:826,112,0,0
BRDA:826,112,1,0
BRDA:829,113,0,0
BRDA:829,113,1,0
BRDA:832,114,0,0
BRDA:832,114,1,0
BRDA:837,115,0,0
BRDA:837,115,1,0
BRDA:850,116,0,0
BRDA:850,116,1,0
BRDA:855,117,0,0
BRDA:855,117,1,0
BRDA:859,118,0,0
BRDA:859,118,1,0
BRDA:866,119,0,0
BRDA:866,119,1,0
BRDA:868,120,0,0
BRDA:868,120,1,0
BRDA:871,121,0,0
BRDA:871,121,1,0
BRDA:874,122,0,0
BRDA:874,122,1,0
BRDA:879,123,0,0
BRDA:879,123,1,0
BRDA:879,123,2,0
BRDA:891,124,0,0
BRDA:891,124,1,0
BRDA:891,124,2,0
BRDA:891,124,3,0
BRDA:894,125,0,0
BRDA:894,125,1,0
BRDA:899,126,0,0
BRDA:899,126,1,0
BRDA:929,127,0,0
BRDA:929,127,1,0
BRF:261
BRH:0
end_of_record
TN:
SF:components\RequestApproval.tsx
FN:27,RequestApproval
FN:31,(anonymous_1)
FN:33,(anonymous_2)
FN:51,(anonymous_3)
FN:54,(anonymous_4)
FN:55,(anonymous_5)
FN:56,(anonymous_6)
FN:58,(anonymous_7)
FN:65,(anonymous_8)
FN:66,(anonymous_9)
FN:69,(anonymous_10)
FN:73,(anonymous_11)
FN:90,(anonymous_12)
FN:91,(anonymous_13)
FN:94,(anonymous_14)
FN:96,(anonymous_15)
FN:104,(anonymous_16)
FN:107,(anonymous_17)
FN:108,(anonymous_18)
FN:125,(anonymous_19)
FN:146,(anonymous_20)
FN:146,(anonymous_21)
FN:162,(anonymous_22)
FN:167,(anonymous_23)
FN:172,(anonymous_24)
FN:199,(anonymous_25)
FN:216,(anonymous_26)
FN:219,(anonymous_27)
FN:222,(anonymous_28)
FN:222,(anonymous_29)
FN:228,(anonymous_30)
FN:231,(anonymous_31)
FN:235,(anonymous_32)
FN:321,(anonymous_33)
FN:324,(anonymous_34)
FN:327,(anonymous_35)
FN:334,(anonymous_36)
FN:344,(anonymous_37)
FN:358,(anonymous_38)
FN:362,(anonymous_39)
FN:363,(anonymous_40)
FN:368,(anonymous_41)
FN:395,(anonymous_42)
FN:398,(anonymous_43)
FN:401,(anonymous_44)
FN:415,(anonymous_45)
FN:419,(anonymous_46)
FN:420,(anonymous_47)
FN:426,(anonymous_48)
FN:448,(anonymous_49)
FN:472,(anonymous_50)
FN:476,(anonymous_51)
FN:477,(anonymous_52)
FN:488,(anonymous_53)
FN:561,(anonymous_54)
FN:583,(anonymous_55)
FN:622,(anonymous_56)
FN:628,(anonymous_57)
FN:629,(anonymous_58)
FN:631,(anonymous_59)
FN:634,(anonymous_60)
FN:634,(anonymous_61)
FN:639,(anonymous_62)
FN:641,(anonymous_63)
FN:645,(anonymous_64)
FNF:65
FNH:0
FNDA:0,RequestApproval
FNDA:0,(anonymous_1)
FNDA:0,(anonymous_2)
FNDA:0,(anonymous_3)
FNDA:0,(anonymous_4)
FNDA:0,(anonymous_5)
FNDA:0,(anonymous_6)
FNDA:0,(anonymous_7)
FNDA:0,(anonymous_8)
FNDA:0,(anonymous_9)
FNDA:0,(anonymous_10)
FNDA:0,(anonymous_11)
FNDA:0,(anonymous_12)
FNDA:0,(anonymous_13)
FNDA:0,(anonymous_14)
FNDA:0,(anonymous_15)
FNDA:0,(anonymous_16)
FNDA:0,(anonymous_17)
FNDA:0,(anonymous_18)
FNDA:0,(anonymous_19)
FNDA:0,(anonymous_20)
FNDA:0,(anonymous_21)
FNDA:0,(anonymous_22)
FNDA:0,(anonymous_23)
FNDA:0,(anonymous_24)
FNDA:0,(anonymous_25)
FNDA:0,(anonymous_26)
FNDA:0,(anonymous_27)
FNDA:0,(anonymous_28)
FNDA:0,(anonymous_29)
FNDA:0,(anonymous_30)
FNDA:0,(anonymous_31)
FNDA:0,(anonymous_32)
FNDA:0,(anonymous_33)
FNDA:0,(anonymous_34)
FNDA:0,(anonymous_35)
FNDA:0,(anonymous_36)
FNDA:0,(anonymous_37)
FNDA:0,(anonymous_38)
FNDA:0,(anonymous_39)
FNDA:0,(anonymous_40)
FNDA:0,(anonymous_41)
FNDA:0,(anonymous_42)
FNDA:0,(anonymous_43)
FNDA:0,(anonymous_44)
FNDA:0,(anonymous_45)
FNDA:0,(anonymous_46)
FNDA:0,(anonymous_47)
FNDA:0,(anonymous_48)
FNDA:0,(anonymous_49)
FNDA:0,(anonymous_50)
FNDA:0,(anonymous_51)
FNDA:0,(anonymous_52)
FNDA:0,(anonymous_53)
FNDA:0,(anonymous_54)
FNDA:0,(anonymous_55)
FNDA:0,(anonymous_56)
FNDA:0,(anonymous_57)
FNDA:0,(anonymous_58)
FNDA:0,(anonymous_59)
FNDA:0,(anonymous_60)
FNDA:0,(anonymous_61)
FNDA:0,(anonymous_62)
FNDA:0,(anonymous_63)
FNDA:0,(anonymous_64)
DA:28,0
DA:29,0
DA:30,0
DA:31,0
DA:33,0
DA:34,0
DA:35,0
DA:37,0
DA:42,0
DA:43,0
DA:44,0
DA:45,0
DA:46,0
DA:47,0
DA:48,0
DA:51,0
DA:54,0
DA:55,0
DA:56,0
DA:58,0
DA:59,0
DA:60,0
DA:61,0
DA:62,0
DA:65,0
DA:66,0
DA:69,0
DA:71,0
DA:73,0
DA:74,0
DA:75,0
DA:76,0
DA:77,0
DA:81,0
DA:82,0
DA:83,0
DA:84,0
DA:87,0
DA:88,0
DA:90,0
DA:91,0
DA:94,0
DA:96,0
DA:98,0
DA:99,0
DA:100,0
DA:101,0
DA:104,0
DA:107,0
DA:108,0
DA:111,0
DA:112,0
DA:113,0
DA:114,0
DA:116,0
DA:118,0
DA:119,0
DA:120,0
DA:125,0
DA:126,0
DA:127,0
DA:128,0
DA:131,0
DA:132,0
DA:133,0
DA:134,0
DA:137,0
DA:138,0
DA:139,0
DA:142,0
DA:143,0
DA:144,0
DA:146,0
DA:147,0
DA:148,0
DA:149,0
DA:150,0
DA:153,0
DA:154,0
DA:157,0
DA:158,0
DA:162,0
DA:163,0
DA:164,0
DA:165,0
DA:167,0
DA:169,0
DA:170,0
DA:172,0
DA:173,0
DA:174,0
DA:175,0
DA:178,0
DA:179,0
DA:181,0
DA:182,0
DA:184,0
DA:185,0
DA:186,0
DA:187,0
DA:188,0
DA:194,0
DA:195,0
DA:196,0
DA:199,0
DA:200,0
DA:201,0
DA:202,0
DA:203,0
DA:204,0
DA:205,0
DA:206,0
DA:207,0
DA:208,0
DA:210,0
DA:211,0
DA:212,0
DA:216,0
DA:217,0
DA:218,0
DA:219,0
DA:220,0
DA:222,0
DA:223,0
DA:224,0
DA:227,0
DA:228,0
DA:229,0
DA:231,0
DA:233,0
DA:234,0
DA:235,0
DA:236,0
DA:237,0
DA:238,0
DA:241,0
DA:242,0
DA:243,0
DA:244,0
DA:247,0
DA:322,0
DA:323,0
DA:324,0
DA:325,0
DA:327,0
DA:334,0
DA:344,0
DA:359,0
DA:362,0
DA:363,0
DA:368,0
DA:396,0
DA:397,0
DA:398,0
DA:399,0
DA:401,0
DA:416,0
DA:426,0
DA:449,0
DA:473,0
DA:488,0
DA:562,0
DA:563,0
DA:564,0
DA:565,0
DA:567,0
DA:584,0
DA:585,0
DA:586,0
DA:587,0
DA:622,0
DA:628,0
DA:631,0
DA:632,0
DA:633,0
DA:634,0
DA:635,0
DA:636,0
DA:638,0
DA:639,0
DA:640,0
DA:641,0
DA:642,0
DA:643,0
DA:644,0
DA:645,0
DA:646,0
DA:647,0
DA:648,0
DA:650,0
DA:651,0
LF:191
LH:0
BRDA:29,0,0,0
BRDA:29,0,1,0
BRDA:51,1,0,0
BRDA:51,1,1,0
BRDA:51,1,2,0
BRDA:54,2,0,0
BRDA:54,2,1,0
BRDA:111,3,0,0
BRDA:111,3,1,0
BRDA:113,4,0,0
BRDA:113,4,1,0
BRDA:113,5,0,0
BRDA:113,5,1,0
BRDA:118,6,0,0
BRDA:118,6,1,0
BRDA:126,7,0,0
BRDA:126,7,1,0
BRDA:131,8,0,0
BRDA:131,8,1,0
BRDA:132,9,0,0
BRDA:132,9,1,0
BRDA:132,10,0,0
BRDA:132,10,1,0
BRDA:132,10,2,0
BRDA:137,11,0,0
BRDA:137,11,1,0
BRDA:147,12,0,0
BRDA:147,12,1,0
BRDA:147,13,0,0
BRDA:147,13,1,0
BRDA:147,13,2,0
BRDA:153,14,0,0
BRDA:153,14,1,0
BRDA:157,15,0,0
BRDA:157,15,1,0
BRDA:174,16,0,0
BRDA:174,16,1,0
BRDA:201,17,0,0
BRDA:201,17,1,0
BRDA:201,18,0,0
BRDA:201,18,1,0
BRDA:205,19,0,0
BRDA:205,19,1,0
BRDA:205,20,0,0
BRDA:205,20,1,0
BRDA:217,21,0,0
BRDA:217,21,1,0
BRDA:223,22,0,0
BRDA:223,22,1,0
BRDA:237,23,0,0
BRDA:237,23,1,0
BRDA:304,24,0,0
BRDA:304,24,1,0
BRDA:327,25,0,0
BRDA:327,25,1,0
BRDA:334,26,0,0
BRDA:334,26,1,0
BRDA:335,27,0,0
BRDA:335,27,1,0
BRDA:344,28,0,0
BRDA:344,28,1,0
BRDA:345,29,0,0
BRDA:345,29,1,0
BRDA:378,30,0,0
BRDA:378,30,1,0
BRDA:401,31,0,0
BRDA:401,31,1,0
BRDA:408,32,0,0
BRDA:408,32,1,0
BRDA:409,33,0,0
BRDA:409,33,1,0
BRDA:436,34,0,0
BRDA:436,34,1,0
BRDA:460,35,0,0
BRDA:460,35,1,0
BRDA:488,36,0,0
BRDA:488,36,1,0
BRDA:492,37,0,0
BRDA:492,37,1,0
BRDA:505,38,0,0
BRDA:505,38,1,0
BRDA:513,39,0,0
BRDA:513,39,1,0
BRDA:540,40,0,0
BRDA:540,40,1,0
BRDA:540,40,2,0
BRDA:540,40,3,0
BRDA:541,41,0,0
BRDA:541,41,1,0
BRDA:542,42,0,0
BRDA:542,42,1,0
BRDA:543,43,0,0
BRDA:543,43,1,0
BRDA:545,44,0,0
BRDA:545,44,1,0
BRDA:545,45,0,0
BRDA:545,45,1,0
BRDA:553,46,0,0
BRDA:553,46,1,0
BRDA:553,47,0,0
BRDA:553,47,1,0
BRDA:557,48,0,0
BRDA:557,48,1,0
BRDA:563,49,0,0
BRDA:563,49,1,0
BRDA:576,50,0,0
BRDA:576,50,1,0
BRDA:584,51,0,0
BRDA:584,51,1,0
BRDA:595,52,0,0
BRDA:595,52,1,0
BRDA:595,52,2,0
BRDA:595,52,3,0
BRDA:596,53,0,0
BRDA:596,53,1,0
BRDA:598,54,0,0
BRDA:598,54,1,0
BRDA:603,55,0,0
BRDA:603,55,1,0
BRDA:632,56,0,0
BRDA:632,56,1,0
BRDA:633,57,0,0
BRDA:633,57,1,0
BRDA:635,58,0,0
BRDA:635,58,1,0
BRDA:647,59,0,0
BRDA:647,59,1,0
BRF:127
BRH:0
end_of_record
TN:
SF:components\RequestCard.tsx
FN:17,RequestCard
FN:48,(anonymous_1)
FN:49,(anonymous_2)
FN:102,(anonymous_3)
FN:194,(anonymous_4)
FN:213,(anonymous_5)
FN:235,(anonymous_6)
FN:258,(anonymous_7)
FN:285,(anonymous_8)
FN:307,(anonymous_9)
FN:310,(anonymous_10)
FNF:11
FNH:0
FNDA:0,RequestCard
FNDA:0,(anonymous_1)
FNDA:0,(anonymous_2)
FNDA:0,(anonymous_3)
FNDA:0,(anonymous_4)
FNDA:0,(anonymous_5)
FNDA:0,(anonymous_6)
FNDA:0,(anonymous_7)
FNDA:0,(anonymous_8)
FNDA:0,(anonymous_9)
FNDA:0,(anonymous_10)
DA:41,0
DA:42,0
DA:43,0
DA:44,0
DA:45,0
DA:46,0
DA:48,0
DA:49,0
DA:50,0
DA:51,0
DA:52,0
DA:60,0
DA:61,0
DA:62,0
DA:64,0
DA:67,0
DA:68,0
DA:72,0
DA:73,0
DA:77,0
DA:78,0
DA:81,0
DA:83,0
DA:91,0
DA:102,0
DA:195,0
DA:196,0
DA:214,0
DA:215,0
DA:236,0
DA:237,0
DA:258,0
DA:286,0
[...]
BRDA:1173,78,2,0
BRDA:1176,79,0,0
BRDA:1176,79,1,0
BRDA:1195,80,0,0
BRDA:1195,80,1,0
BRDA:1195,81,0,0
BRDA:1195,81,1,0
BRDA:1199,82,0,0
BRDA:1199,82,1,0
BRDA:1214,83,0,0
BRDA:1214,83,1,0
BRDA:1214,84,0,0
BRDA:1214,84,1,0
BRDA:1239,85,0,0
BRDA:1239,85,1,0
BRDA:1260,86,0,0
BRDA:1260,86,1,0
BRDA:1260,87,0,0
BRDA:1260,87,1,0
BRDA:1260,87,2,0
BRDA:1263,88,0,0
BRDA:1263,88,1,0
BRDA:1263,88,2,0
BRDA:1263,88,3,0
BRDA:1306,89,0,0
BRDA:1306,89,1,0
BRDA:1308,90,0,0
BRDA:1308,90,1,0
BRDA:1323,91,0,0
BRDA:1323,91,1,0
BRDA:1323,92,0,0
BRDA:1323,92,1,0
BRDA:1348,93,0,0
BRDA:1348,93,1,0
BRDA:1348,94,0,0
BRDA:1348,94,1,0
BRDA:1360,95,0,0
BRDA:1360,95,1,0
BRDA:1364,96,0,0
BRDA:1364,96,1,0
BRDA:1371,97,0,0
BRDA:1371,97,1,0
BRDA:1392,98,0,0
BRDA:1392,98,1,0
BRDA:1480,99,0,0
BRDA:1480,99,1,0
BRDA:1501,100,0,0
BRDA:1501,100,1,0
BRDA:1506,101,0,0
BRDA:1506,101,1,0
BRDA:1510,102,0,0
BRDA:1510,102,1,0
BRDA:1514,103,0,0
BRDA:1514,103,1,0
BRDA:1518,104,0,0
BRDA:1518,104,1,0
BRDA:1522,105,0,0
BRDA:1522,105,1,0
BRDA:1526,106,0,0
BRDA:1526,106,1,0
BRDA:1531,107,0,0
BRDA:1531,107,1,0
BRDA:1536,108,0,0
BRDA:1536,108,1,0
BRDA:1543,109,0,0
BRDA:1543,109,1,0
BRDA:1543,110,0,0
BRDA:1543,110,1,0
BRDA:1554,111,0,0
BRDA:1586,112,0,0
BRDA:1586,112,1,0
BRDA:1594,113,0,0
BRDA:1600,114,0,0
BRDA:1600,114,1,0
BRDA:1604,115,0,0
BRDA:1604,115,1,0
BRDA:1618,116,0,0
BRDA:1618,116,1,0
BRDA:1646,117,0,0
BRDA:1646,117,1,0
BRDA:1650,118,0,0
BRDA:1650,118,1,0
BRDA:1658,119,0,0
BRDA:1658,119,1,0
BRDA:1663,120,0,0
BRDA:1663,120,1,0
BRDA:1688,121,0,0
BRDA:1688,121,1,0
BRDA:1724,122,0,0
BRDA:1724,122,1,0
BRDA:1755,123,0,0
BRDA:1755,123,1,0
BRDA:1781,124,0,0
BRDA:1781,124,1,0
BRDA:1803,125,0,0
BRDA:1803,125,1,0
BRDA:1817,126,0,0
BRDA:1817,126,1,0
BRDA:1823,127,0,0
BRDA:1823,127,1,0
BRDA:1829,128,0,0
BRDA:1829,128,1,0
BRDA:1855,129,0,0
BRDA:1855,129,1,0
BRDA:1855,130,0,0
BRDA:1855,130,1,0
BRDA:1881,131,0,0
BRDA:1881,131,1,0
BRDA:1881,131,2,0
BRDA:1881,131,3,0
BRDA:1881,131,4,0
BRDA:1881,131,5,0
BRDA:1923,132,0,0
BRDA:1923,132,1,0
BRDA:1974,133,0,0
BRDA:1974,133,1,0
BRDA:1980,134,0,0
BRDA:1980,134,1,0
BRDA:1986,135,0,0
BRDA:1986,135,1,0
BRDA:1987,136,0,0
BRDA:1987,136,1,0
BRDA:1987,136,2,0
BRDA:1994,137,0,0
BRDA:1994,137,1,0
BRDA:1996,138,0,0
BRDA:1996,138,1,0
BRDA:2057,139,0,0
BRDA:2057,139,1,0
BRDA:2070,140,0,0
BRDA:2070,140,1,0
BRDA:2079,141,0,0
BRDA:2079,141,1,0
BRDA:2080,142,0,0
BRDA:2080,142,1,0
BRDA:2080,143,0,0
BRDA:2080,143,1,0
BRDA:2080,143,2,0
BRDA:2085,144,0,0
BRDA:2085,144,1,0
BRDA:2088,145,0,0
BRDA:2088,145,1,0
BRDA:2088,146,0,0
BRDA:2088,146,1,0
BRDA:2089,147,0,0
BRDA:2089,147,1,0
BRDA:2091,148,0,0
BRDA:2091,148,1,0
BRDA:2119,149,0,0
BRDA:2119,149,1,0
BRDA:2119,149,2,0
BRDA:2119,149,3,0
BRDA:2119,149,4,0
BRDA:2119,149,5,0
BRDA:2166,150,0,0
BRDA:2166,150,1,0
BRDA:2197,151,0,0
BRDA:2197,151,1,0
BRDA:2224,152,0,0
BRDA:2224,152,1,0
BRDA:2224,153,0,0
BRDA:2224,153,1,0
BRDA:2228,154,0,0
BRDA:2228,154,1,0
BRDA:2238,155,0,0
BRDA:2238,155,1,0
BRDA:2239,156,0,0
BRDA:2239,156,1,0
BRDA:2250,157,0,0
BRDA:2250,157,1,0
BRDA:2250,157,2,0
BRDA:2287,158,0,0
BRDA:2287,158,1,0
BRDA:2300,159,0,0
BRDA:2300,159,1,0
BRDA:2342,160,0,0
BRDA:2342,160,1,0
BRDA:2348,161,0,0
BRDA:2348,161,1,0
BRDA:2354,162,0,0
BRDA:2354,162,1,0
BRDA:2354,163,0,0
BRDA:2354,163,1,0
BRDA:2358,164,0,0
BRDA:2358,164,1,0
BRDA:2359,165,0,0
BRDA:2359,165,1,0
BRDA:2361,166,0,0
BRDA:2361,166,1,0
BRDA:2380,167,0,0
BRDA:2380,167,1,0
BRDA:2460,168,0,0
BRDA:2460,168,1,0
BRDA:2482,169,0,0
BRDA:2482,169,1,0
BRDA:2520,170,0,0
BRDA:2520,170,1,0
BRDA:2624,171,0,0
BRDA:2624,171,1,0
BRDA:2624,172,0,0
BRDA:2624,172,1,0
BRDA:2624,172,2,0
BRDA:2646,173,0,0
BRDA:2646,173,1,0
BRDA:2651,174,0,0
BRDA:2651,174,1,0
BRDA:2655,175,0,0
BRDA:2655,175,1,0
BRDA:2659,176,0,0
BRDA:2659,176,1,0
BRDA:2662,177,0,0
BRDA:2662,177,1,0
BRDA:2669,178,0,0
BRDA:2669,178,1,0
BRDA:2671,179,0,0
BRDA:2671,179,1,0
BRDA:2674,180,0,0
BRDA:2674,180,1,0
BRDA:2703,181,0,0
BRF:389
BRH:0
end_of_record
TN:
SF:lib\localStorageService.ts
FNF:0
FNH:0
LF:0
LH:0
BRF:0
BRH:0
end_of_record
TN:
SF:lib\logger.ts
FN:40,sanitize
FN:47,(anonymous_1)
FN:67,(anonymous_2)
FN:75,(anonymous_3)
FN:83,(anonymous_4)
FN:92,(anonymous_5)
FN:101,(anonymous_6)
FN:110,(anonymous_7)
FNF:8
FNH:2
FNDA:2,sanitize
FNDA:0,(anonymous_1)
FNDA:1,(anonymous_2)
FNDA:0,(anonymous_3)
FNDA:0,(anonymous_4)
FNDA:0,(anonymous_5)
FNDA:0,(anonymous_6)
FNDA:0,(anonymous_7)
DA:25,1
DA:26,1
DA:41,2
DA:43,0
DA:44,0
DA:46,0
DA:47,0
DA:48,0
DA:52,0
DA:62,1
DA:68,1
DA:76,0
DA:85,0
DA:94,0
DA:102,0
DA:111,0
LF:16
LH:5
BRDA:41,0,0,2
BRDA:41,0,1,0
BRDA:41,1,0,2
BRDA:41,1,1,0
BRDA:47,2,0,0
BRDA:47,2,1,0
BRDA:68,3,0,1
BRDA:68,3,1,0
BRDA:76,4,0,0
BRDA:76,4,1,0
BRDA:102,5,0,0
BRDA:102,5,1,0
BRF:12
BRH:3
end_of_record
TN:
SF:lib\networkErrorHandler.ts
FN:55,(anonymous_0)
FN:63,(anonymous_1)
FN:75,(anonymous_2)
FN:115,executeWithNetworkHandling
FN:155,(anonymous_4)
FN:155,(anonymous_5)
FN:245,(anonymous_6)
FN:289,createNetworkAwareOperation
FN:293,(anonymous_8)
FN:295,(anonymous_9)
FNF:10
FNH:0
FNDA:0,(anonymous_0)
FNDA:0,(anonymous_1)
FNDA:0,(anonymous_2)
FNDA:0,executeWithNetworkHandling
FNDA:0,(anonymous_4)
FNDA:0,(anonymous_5)
FNDA:0,(anonymous_6)
FNDA:0,createNetworkAwareOperation
FNDA:0,(anonymous_8)
FNDA:0,(anonymous_9)
DA:51,0
DA:52,0
DA:53,0
DA:55,0
DA:56,0
DA:57,0
DA:63,0
DA:64,0
DA:65,0
DA:75,0
DA:76,0
DA:77,0
DA:79,0
DA:128,0
DA:131,0
DA:132,0
DA:137,0
DA:146,0
DA:147,0
DA:152,0
DA:153,0
DA:155,0
DA:157,0
DA:158,0
DA:159,0
DA:162,0
DA:163,0
DA:169,0
DA:172,0
DA:173,0
DA:177,0
DA:178,0
DA:184,0
DA:190,0
DA:193,0
DA:198,0
DA:201,0
DA:202,0
DA:204,0
DA:208,0
DA:211,0
DA:212,0
DA:214,0
DA:215,0
DA:221,0
DA:224,0
DA:225,0
DA:231,0
DA:232,0
DA:235,0
DA:238,0
DA:239,0
DA:240,0
DA:251,0
DA:252,0
DA:261,0
DA:262,0
DA:265,0
DA:293,0
DA:294,0
DA:295,0
LF:61
LH:0
BRDA:52,0,0,0
BRDA:52,0,1,0
BRDA:76,1,0,0
BRDA:76,1,1,0
BRDA:121,2,0,0
BRDA:122,3,0,0
BRDA:123,4,0,0
BRDA:126,5,0,0
BRDA:131,6,0,0
BRDA:131,6,1,0
BRDA:146,7,0,0
BRDA:146,7,1,0
BRDA:162,8,0,0
BRDA:162,8,1,0
BRDA:162,9,0,0
BRDA:162,9,1,0
BRDA:172,10,0,0
BRDA:172,10,1,0
BRDA:177,11,0,0
BRDA:177,11,1,0
BRDA:177,12,0,0
BRDA:177,12,1,0
BRDA:190,13,0,0
BRDA:190,13,1,0
BRDA:193,14,0,0
BRDA:193,14,1,0
BRDA:194,15,0,0
BRDA:194,15,1,0
BRDA:198,16,0,0
BRDA:198,16,1,0
BRDA:198,17,0,0
BRDA:198,17,1,0
BRDA:201,18,0,0
BRDA:201,18,1,0
BRDA:201,19,0,0
BRDA:201,19,1,0
BRDA:201,19,2,0
BRDA:214,20,0,0
BRDA:214,20,1,0
BRDA:224,21,0,0
BRDA:224,21,1,0
BRDA:231,22,0,0
BRDA:231,22,1,0
BRDA:235,23,0,0
BRDA:235,23,1,0
BRDA:238,24,0,0
BRDA:238,24,1,0
BRDA:239,25,0,0
BRDA:239,25,1,0
BRDA:251,26,0,0
BRDA:251,26,1,0
BRDA:252,27,0,0
BRDA:252,27,1,0
BRDA:261,28,0,0
BRDA:261,28,1,0
BRDA:261,29,0,0
BRDA:261,29,1,0
BRDA:267,30,0,0
BRDA:267,30,1,0
BRF:59
BRH:0
end_of_record
TN:
SF:lib\notificationService.ts
FN:53,(anonymous_0)
FN:54,(anonymous_1)
FN:56,(anonymous_2)
FN:68,(anonymous_3)
FN:109,(anonymous_4)
FN:128,(anonymous_5)
FN:154,(anonymous_6)
FN:159,(anonymous_7)
FN:185,(anonymous_8)
FN:190,(anonymous_9)
FN:213,(anonymous_10)
FN:234,(anonymous_11)
FN:269,(anonymous_12)
FN:299,(anonymous_13)
FN:301,(anonymous_14)
FN:311,(anonymous_15)
FNF:16
FNH:6
FNDA:0,(anonymous_0)
FNDA:0,(anonymous_1)
FNDA:0,(anonymous_2)
FNDA:0,(anonymous_3)
FNDA:1,(anonymous_4)
FNDA:1,(anonymous_5)
FNDA:1,(anonymous_6)
FNDA:1,(anonymous_7)
FNDA:1,(anonymous_8)
FNDA:1,(anonymous_9)
FNDA:0,(anonymous_10)
FNDA:0,(anonymous_11)
FNDA:0,(anonymous_12)
FNDA:0,(anonymous_13)
FNDA:0,(anonymous_14)
FNDA:0,(anonymous_15)
DA:51,1
DA:53,0
DA:54,0
DA:56,1
DA:57,0
DA:59,0
DA:60,0
DA:63,0
DA:64,0
DA:65,0
DA:68,1
DA:109,1
DA:116,1
DA:117,1
DA:118,1
DA:119,1
DA:128,1
DA:129,1
DA:130,1
DA:132,1
DA:133,1
DA:134,0
DA:136,1
DA:154,1
DA:156,1
DA:157,1
DA:158,1
DA:159,1
DA:160,1
DA:161,1
DA:162,0
DA:185,1
DA:187,1
DA:188,1
DA:189,1
DA:190,1
DA:191,1
DA:192,1
DA:193,0
DA:196,1
DA:213,1
DA:214,0
DA:215,0
DA:216,0
DA:217,0
DA:218,0
DA:219,0
DA:234,1
DA:235,0
DA:237,0
DA:238,0
DA:239,0
DA:240,0
DA:269,1
DA:274,0
DA:275,0
DA:278,0
DA:279,0
DA:281,0
DA:285,0
DA:286,0
DA:287,0
DA:288,0
DA:289,0
DA:291,0
DA:294,0
DA:297,0
DA:300,0
DA:301,0
DA:302,0
DA:303,0
DA:305,0
DA:307,0
DA:308,0
DA:312,0
DA:317,0
DA:318,0
DA:322,0
DA:331,1
LF:79
LH:33
BRDA:57,0,0,0
BRDA:57,0,1,0
BRDA:59,1,0,0
BRDA:59,1,1,0
BRDA:59,2,0,0
BRDA:59,2,1,0
BRDA:63,3,0,0
BRDA:63,3,1,0
BRDA:64,4,0,0
BRDA:64,4,1,0
BRDA:75,5,0,0
BRDA:75,5,1,0
BRDA:77,6,0,0
BRDA:77,6,1,0
BRDA:78,7,0,0
BRDA:78,7,1,0
BRDA:130,8,0,1
BRDA:130,8,1,0
BRDA:132,9,0,0
BRDA:132,9,1,1
BRDA:133,10,0,0
BRDA:133,10,1,1
BRDA:161,11,0,0
BRDA:161,11,1,1
BRDA:192,12,0,0
BRDA:192,12,1,1
BRDA:196,13,0,1
BRDA:196,13,1,0
BRDA:217,14,0,0
BRDA:217,14,1,0
BRDA:278,15,0,0
BRDA:278,15,1,0
BRDA:289,16,0,0
BRDA:289,16,1,0
BRDA:308,17,0,0
BRDA:308,17,1,0
BRDA:317,18,0,0
BRDA:317,18,1,0
BRF:38
BRH:6
end_of_record
TN:
SF:lib\pushService.ts
FN:16,(anonymous_0)
FN:51,(anonymous_1)
FN:52,(anonymous_2)
FN:56,handler
FN:82,(anonymous_4)
FN:88,(anonymous_5)
FN:89,(anonymous_6)
FN:99,(anonymous_7)
FN:126,(anonymous_8)
FN:131,(anonymous_9)
FN:145,(anonymous_10)
FN:151,(anonymous_11)
FN:165,(anonymous_12)
FN:170,(anonymous_13)
FN:188,(anonymous_14)
FN:197,(anonymous_15)
FN:209,(anonymous_16)
FN:218,(anonymous_17)
FN:222,(anonymous_18)
FN:227,(anonymous_19)
FN:241,(anonymous_20)
FN:260,(anonymous_21)
FN:263,(anonymous_22)
FN:266,(anonymous_23)
FNF:24
FNH:0
FNDA:0,(anonymous_0)
FNDA:0,(anonymous_1)
FNDA:0,(anonymous_2)
FNDA:0,handler
FNDA:0,(anonymous_4)
FNDA:0,(anonymous_5)
FNDA:0,(anonymous_6)
FNDA:0,(anonymous_7)
FNDA:0,(anonymous_8)
FNDA:0,(anonymous_9)
FNDA:0,(anonymous_10)
FNDA:0,(anonymous_11)
FNDA:0,(anonymous_12)
FNDA:0,(anonymous_13)
FNDA:0,(anonymous_14)
FNDA:0,(anonymous_15)
FNDA:0,(anonymous_16)
FNDA:0,(anonymous_17)
FNDA:0,(anonymous_18)
FNDA:0,(anonymous_19)
FNDA:0,(anonymous_20)
FNDA:0,(anonymous_21)
FNDA:0,(anonymous_22)
FNDA:0,(anonymous_23)
DA:9,0
DA:16,0
DA:17,0
DA:19,0
DA:21,0
DA:22,0
DA:23,0
DA:27,0
DA:30,0
DA:31,0
DA:32,0
DA:33,0
DA:36,0
DA:37,0
DA:39,0
DA:40,0
DA:43,0
DA:44,0
DA:45,0
DA:48,0
DA:49,0
DA:51,0
DA:52,0
DA:53,0
DA:54,0
DA:55,0
DA:56,0
DA:57,0
DA:58,0
DA:59,0
DA:64,0
DA:67,0
DA:69,0
DA:73,0
DA:74,0
DA:75,0
DA:81,0
DA:82,0
DA:86,0
DA:87,0
DA:88,0
DA:89,0
DA:92,0
DA:94,0
DA:95,0
DA:99,0
DA:100,0
DA:101,0
DA:102,0
DA:103,0
DA:105,0
DA:107,0
DA:108,0
DA:109,0
DA:112,0
DA:113,0
DA:117,0
DA:119,0
DA:120,0
DA:121,0
DA:122,0
DA:123,0
DA:126,0
DA:127,0
DA:128,0
DA:129,0
DA:130,0
DA:131,0
DA:132,0
DA:133,0
DA:134,0
DA:135,0
DA:137,0
DA:138,0
DA:140,0
DA:141,0
DA:145,0
DA:147,0
DA:148,0
DA:149,0
DA:150,0
DA:151,0
DA:152,0
DA:153,0
DA:154,0
DA:155,0
DA:157,0
DA:158,0
DA:160,0
DA:161,0
DA:165,0
DA:166,0
DA:167,0
DA:168,0
DA:169,0
DA:170,0
DA:171,0
DA:172,0
DA:173,0
DA:174,0
DA:176,0
DA:177,0
DA:179,0
DA:180,0
DA:184,0
DA:189,0
DA:190,0
DA:191,0
DA:192,0
DA:194,0
DA:198,0
DA:199,0
DA:200,0
DA:201,0
DA:202,0
DA:203,0
DA:205,0
DA:210,0
DA:211,0
DA:212,0
DA:214,0
DA:219,0
DA:223,0
DA:224,0
DA:225,0
DA:226,0
DA:227,0
DA:228,0
DA:229,0
DA:230,0
DA:231,0
DA:233,0
DA:234,0
DA:236,0
DA:237,0
DA:242,0
DA:243,0
DA:244,0
DA:245,0
DA:246,0
DA:249,0
DA:251,0
DA:252,0
DA:253,0
DA:255,0
DA:256,0
DA:261,0
DA:262,0
DA:263,0
DA:266,0
LF:150
LH:0
BRDA:16,0,0,0
BRDA:17,1,0,0
BRDA:17,1,1,0
BRDA:21,2,0,0
BRDA:21,2,1,0
BRDA:39,3,0,0
BRDA:39,3,1,0
BRDA:43,4,0,0
BRDA:43,4,1,0
BRDA:48,5,0,0
BRDA:48,5,1,0
BRDA:53,6,0,0
BRDA:53,6,1,0
BRDA:55,7,0,0
BRDA:55,7,1,0
BRDA:57,8,0,0
BRDA:57,8,1,0
BRDA:73,9,0,0
BRDA:73,9,1,0
BRDA:100,10,0,0
BRDA:100,10,1,0
BRDA:103,11,0,0
BRDA:103,11,1,0
BRDA:105,12,0,0
BRDA:105,12,1,0
BRDA:107,13,0,0
BRDA:107,13,1,0
BRDA:121,14,0,0
BRDA:121,14,1,0
BRDA:133,15,0,0
BRDA:133,15,1,0
BRDA:138,16,0,0
BRDA:138,16,1,0
BRDA:141,17,0,0
BRDA:141,17,1,0
BRDA:153,18,0,0
BRDA:153,18,1,0
BRDA:158,19,0,0
BRDA:158,19,1,0
BRDA:161,20,0,0
BRDA:161,20,1,0
BRDA:172,21,0,0
BRDA:172,21,1,0
BRDA:177,22,0,0
BRDA:177,22,1,0
BRDA:180,23,0,0
BRDA:180,23,1,0
BRDA:190,24,0,0
BRDA:190,24,1,0
BRDA:191,25,0,0
BRDA:191,25,1,0
BRDA:205,26,0,0
BRDA:205,26,1,0
BRDA:211,27,0,0
BRDA:211,27,1,0
BRDA:214,28,0,0
BRDA:214,28,1,0
BRDA:229,29,0,0
BRDA:229,29,1,0
BRDA:234,30,0,0
BRDA:234,30,1,0
BRDA:237,31,0,0
BRDA:237,31,1,0
BRDA:243,32,0,0
BRDA:243,32,1,0
BRDA:246,33,0,0
BRDA:246,33,1,0
BRDA:253,34,0,0
BRDA:253,34,1,0
BRF:69
BRH:0
end_of_record
TN:
SF:lib\pushServiceLazy.ts
FN:19,loadPushService
FN:28,(anonymous_1)
FN:52,(anonymous_2)
FN:57,(anonymous_3)
FN:62,(anonymous_4)
FN:67,(anonymous_5)
FN:72,(anonymous_6)
FN:77,(anonymous_7)
FN:82,(anonymous_8)
FN:87,(anonymous_9)
FN:89,(anonymous_10)
FN:93,(anonymous_11)
FN:102,(anonymous_12)
FN:105,(anonymous_13)
FNF:14
FNH:0
FNDA:0,loadPushService
FNDA:0,(anonymous_1)
FNDA:0,(anonymous_2)
FNDA:0,(anonymous_3)
FNDA:0,(anonymous_4)
FNDA:0,(anonymous_5)
FNDA:0,(anonymous_6)
FNDA:0,(anonymous_7)
FNDA:0,(anonymous_8)
FNDA:0,(anonymous_9)
FNDA:0,(anonymous_10)
FNDA:0,(anonymous_11)
FNDA:0,(anonymous_12)
FNDA:0,(anonymous_13)
DA:12,0
DA:13,0
DA:20,0
DA:21,0
DA:24,0
DA:25,0
DA:28,0
DA:29,0
DA:30,0
DA:31,0
DA:32,0
DA:33,0
DA:34,0
DA:36,0
DA:37,0
DA:38,0
DA:42,0
DA:51,0
DA:53,0
DA:54,0
DA:58,0
DA:59,0
DA:63,0
DA:64,0
DA:68,0
DA:69,0
DA:73,0
DA:74,0
DA:78,0
DA:79,0
DA:85,0
DA:87,0
DA:88,0
DA:90,0
DA:93,0
DA:94,0
DA:103,0
DA:104,0
DA:105,0
DA:113,0
DA:114,0
LF:41
LH:0
BRDA:20,0,0,0
BRDA:20,0,1,0
BRDA:24,1,0,0
BRDA:24,1,1,0
BRDA:94,2,0,0
BRDA:94,2,1,0
BRDA:103,3,0,0
BRDA:103,3,1,0
BRDA:103,4,0,0
BRDA:103,4,1,0
BRDA:113,5,0,0
BRDA:113,5,1,0
BRF:12
BRH:0
end_of_record
TN:
SF:lib\withRetry.ts
FN:38,(anonymous_0)
FN:41,(anonymous_1)
FN:41,(anonymous_2)
FN:61,withRetry
FN:106,(anonymous_4)
FNF:5
FNH:1
FNDA:0,(anonymous_0)
FNDA:0,(anonymous_1)
FNDA:0,(anonymous_2)
FNDA:3,withRetry
FNDA:0,(anonymous_4)
DA:34,1
DA:38,0
DA:41,1
DA:62,3
DA:63,3
DA:66,3
DA:67,3
DA:68,3
DA:70,0
DA:71,0
DA:72,0
DA:73,0
DA:74,0
DA:76,0
DA:77,0
DA:82,0
DA:106,1
DA:107,0
DA:108,0
DA:109,0
DA:110,0
DA:111,0
DA:112,0
DA:114,0
DA:115,0
DA:117,0
LF:26
LH:8
BRDA:62,0,0,3
BRDA:62,0,1,0
BRDA:72,1,0,0
BRDA:72,1,1,0
BRDA:73,2,0,0
BRDA:73,2,1,0
BRDA:108,3,0,0
BRDA:108,3,1,0
BRDA:110,4,0,0
BRDA:110,4,1,0
BRDA:111,5,0,0
BRDA:111,5,1,0
BRDA:111,6,0,0
BRDA:111,6,1,0
BRDA:111,6,2,0
BRDA:111,6,3,0
BRDA:112,7,0,0
BRDA:112,7,1,0
BRDA:112,8,0,0
BRDA:112,8,1,0
BRDA:112,8,2,0
BRDA:114,9,0,0
BRDA:114,9,1,0
BRDA:114,10,0,0
BRDA:114,10,1,0
BRDA:114,10,2,0
BRDA:114,10,3,0
BRF:27
BRH:1
end_of_record
TN:
SF:utils\animation.ts
FNF:0
FNH:0
DA:4,0
DA:20,0
DA:30,0
DA:56,0
DA:82,0
DA:108,0
DA:132,0
DA:141,0
DA:157,0
DA:165,0
DA:174,0
DA:183,0
DA:191,0
LF:13
LH:0
BRF:0
BRH:0
end_of_record
TN:
SF:utils\bookingPrefill.ts
FN:12,bookingRequestToInitial
FN:22,scheduleToInitial
FNF:2
FNH:0
FNDA:0,bookingRequestToInitial
FNDA:0,scheduleToInitial
DA:13,0
DA:23,0
LF:2
LH:0
BRDA:18,0,0,0
BRDA:18,0,1,0
BRDA:28,1,0,0
BRDA:28,1,1,0
BRF:4
BRH:0
end_of_record
TN:
SF:utils\inputValidation.ts
FN:54,sanitizeText
FN:98,isValidEmail
FN:122,isValidName
FN:148,containsSuspiciousContent
FN:160,(anonymous_4)
FN:187,validateTextInput
FN:228,sanitizePassword
FN:246,validatePasswordStrength
FNF:8
FNH:0
FNDA:0,sanitizeText
FNDA:0,isValidEmail
FNDA:0,isValidName
FNDA:0,containsSuspiciousContent
FNDA:0,(anonymous_4)
FNDA:0,validateTextInput
FNDA:0,sanitizePassword
FNDA:0,validatePasswordStrength
DA:12,0
DA:59,0
DA:61,0
DA:64,0
DA:65,0
DA:69,0
DA:70,0
DA:74,0
DA:77,0
DA:80,0
DA:99,0
DA:101,0
DA:102,0
DA:123,0
DA:124,0
DA:125,0
DA:149,0
DA:160,0
DA:192,0
DA:193,0
DA:200,0
DA:202,0
DA:203,0
DA:210,0
DA:211,0
DA:218,0
DA:229,0
DA:232,0
DA:235,0
DA:238,0
DA:240,0
DA:251,0
DA:253,0
DA:254,0
DA:257,0
DA:258,0
DA:261,0
DA:262,0
DA:265,0
DA:266,0
DA:269,0
DA:270,0
DA:273,0
DA:274,0
DA:276,0
DA:277,0
DA:278,0
DA:280,0
LF:48
LH:0
BRDA:56,0,0,0
BRDA:57,1,0,0
BRDA:59,2,0,0
BRDA:59,2,1,0
BRDA:64,3,0,0
BRDA:64,3,1,0
BRDA:69,4,0,0
BRDA:69,4,1,0
BRDA:125,5,0,0
BRDA:125,5,1,0
BRDA:192,6,0,0
BRDA:192,6,1,0
BRDA:192,7,0,0
BRDA:192,7,1,0
BRDA:202,8,0,0
BRDA:202,8,1,0
BRDA:210,9,0,0
BRDA:210,9,1,0
BRDA:229,10,0,0
BRDA:229,10,1,0
BRDA:253,11,0,0
BRDA:253,11,1,0
BRDA:257,12,0,0
BRDA:257,12,1,0
BRDA:261,13,0,0
BRDA:261,13,1,0
BRDA:265,14,0,0
BRDA:265,14,1,0
BRDA:269,15,0,0
BRDA:269,15,1,0
BRDA:276,16,0,0
BRDA:276,16,1,0
BRDA:276,17,0,0
BRDA:276,17,1,0
BRDA:277,18,0,0
BRDA:277,18,1,0
BRF:36
BRH:0
end_of_record
TN:
SF:utils\tabPersistence.ts
FN:1,storageKeyFor
FN:5,readStoredTab
FN:17,writeStoredTab
FN:30,readTabFromHash
FN:42,writeTabToHash
FN:59,readPreferredTab
FNF:6
FNH:0
FNDA:0,storageKeyFor
FNDA:0,readStoredTab
FNDA:0,writeStoredTab
FNDA:0,readTabFromHash
FNDA:0,writeTabToHash
FNDA:0,readPreferredTab
DA:2,0
DA:6,0
DA:7,0
DA:8,0
DA:9,0
DA:10,0
DA:14,0
DA:18,0
DA:19,0
DA:20,0
DA:31,0
DA:32,0
DA:33,0
DA:34,0
DA:35,0
DA:36,0
DA:38,0
DA:43,0
DA:44,0
DA:45,0
DA:46,0
DA:47,0
DA:48,0
DA:49,0
DA:50,0
DA:60,0
DA:61,0
DA:62,0
DA:66,0
LF:29
LH:0
BRDA:2,0,0,0
BRDA:2,0,1,0
BRDA:7,1,0,0
BRDA:7,1,1,0
BRDA:7,2,0,0
BRDA:7,2,1,0
BRDA:9,3,0,0
BRDA:9,3,1,0
BRDA:10,4,0,0
BRDA:10,4,1,0
BRDA:19,5,0,0
BRDA:19,5,1,0
BRDA:19,6,0,0
BRDA:19,6,1,0
BRDA:30,7,0,0
BRDA:32,8,0,0
BRDA:32,8,1,0
BRDA:34,9,0,0
BRDA:34,9,1,0
BRDA:42,10,0,0
BRDA:44,11,0,0
BRDA:44,11,1,0
BRDA:47,12,0,0
BRDA:47,12,1,0
BRDA:50,13,0,0
BRDA:50,13,1,0
BRDA:59,14,0,0
BRDA:62,15,0,0
BRDA:62,15,1,0
BRDA:62,16,0,0
BRDA:62,16,1,0
BRF:31
BRH:0
end_of_record
TN:
SF:utils\timeUtils.ts
FN:20,convertTo12Hour
FN:42,convertTo24Hour
FN:73,generateTimeSlots
FN:104,isValidSchoolTime
FN:129,compareTime12Hour
FN:149,isValidTimeRange
FN:180,isReasonableBookingDuration
FN:215,getValidEndTimes
FN:222,(anonymous_8)
FN:253,formatTimeRange
FN:258,isPastBookingTime
FN:280,isTimeSlotAvailable
FN:297,getCurrentTime12Hour
FN:309,addDaysToDateString
FN:338,abbreviateDepartments
FN:344,(anonymous_15)
FN:348,(anonymous_16)
FNF:17
FNH:0
FNDA:0,convertTo12Hour
FNDA:0,convertTo24Hour
FNDA:0,generateTimeSlots
FNDA:0,isValidSchoolTime
FNDA:0,compareTime12Hour
FNDA:0,isValidTimeRange
FNDA:0,isReasonableBookingDuration
FNDA:0,getValidEndTimes
FNDA:0,(anonymous_8)
FNDA:0,formatTimeRange
FNDA:0,isPastBookingTime
FNDA:0,isTimeSlotAvailable
FNDA:0,getCurrentTime12Hour
FNDA:0,addDaysToDateString
FNDA:0,abbreviateDepartments
FNDA:0,(anonymous_15)
FNDA:0,(anonymous_16)
DA:21,0
DA:23,0
DA:24,0
DA:25,0
DA:27,0
DA:43,0
DA:45,0
DA:46,0
DA:48,0
DA:49,0
DA:50,0
DA:51,0
DA:52,0
DA:55,0
DA:74,0
DA:78,0
DA:79,0
DA:80,0
DA:81,0
DA:85,0
DA:105,0
DA:106,0
DA:109,0
DA:110,0
DA:111,0
DA:113,0
DA:130,0
DA:131,0
DA:133,0
DA:150,0
DA:151,0
DA:153,0
DA:154,0
DA:157,0
DA:158,0
DA:161,0
DA:181,0
DA:182,0
DA:184,0
DA:185,0
DA:187,0
DA:188,0
DA:190,0
DA:191,0
DA:194,0
DA:216,0
DA:218,0
DA:219,0
DA:220,0
DA:222,0
DA:223,0
DA:224,0
DA:225,0
DA:227,0
DA:228,0
DA:231,0
DA:237,0
DA:238,0
DA:239,0
DA:240,0
DA:241,0
DA:243,0
DA:246,0
DA:249,0
DA:254,0
DA:259,0
DA:261,0
DA:265,0
DA:266,0
DA:267,0
DA:270,0
DA:274,0
DA:276,0
DA:281,0
DA:284,0
DA:285,0
DA:289,0
DA:290,0
DA:293,0
DA:298,0
DA:299,0
DA:300,0
DA:302,0
DA:303,0
DA:305,0
DA:310,0
DA:311,0
DA:312,0
DA:313,0
DA:314,0
DA:315,0
DA:316,0
DA:317,0
DA:318,0
DA:319,0
DA:339,0
DA:341,0
DA:343,0
DA:346,0
DA:348,0
LF:100
LH:0
BRDA:21,0,0,0
BRDA:21,0,1,0
BRDA:24,1,0,0
BRDA:24,1,1,0
BRDA:25,2,0,0
BRDA:25,2,1,0
BRDA:25,3,0,0
BRDA:25,3,1,0
BRDA:43,4,0,0
BRDA:43,4,1,0
BRDA:49,5,0,0
BRDA:49,5,1,0
BRDA:49,6,0,0
BRDA:49,6,1,0
BRDA:51,7,0,0
BRDA:51,7,1,0
BRDA:51,8,0,0
BRDA:51,8,1,0
BRDA:109,9,0,0
BRDA:109,9,1,0
BRDA:110,10,0,0
BRDA:110,10,1,0
BRDA:111,11,0,0
BRDA:111,11,1,0
BRDA:111,12,0,0
BRDA:111,12,1,0
BRDA:194,13,0,0
BRDA:194,13,1,0
BRDA:216,14,0,0
BRDA:216,14,1,0
BRDA:231,15,0,0
BRDA:231,15,1,0
BRDA:231,15,2,0
BRDA:231,15,3,0
BRDA:231,15,4,0
BRDA:243,16,0,0
BRDA:243,16,1,0
BRDA:243,17,0,0
BRDA:243,17,1,0
BRDA:243,17,2,0
BRDA:259,18,0,0
BRDA:259,18,1,0
BRDA:259,19,0,0
BRDA:259,19,1,0
BRDA:281,20,0,0
BRDA:281,20,1,0
BRDA:284,21,0,0
BRDA:284,21,1,0
BRDA:289,22,0,0
BRDA:289,22,1,0
BRDA:302,23,0,0
BRDA:302,23,1,0
BRDA:303,24,0,0
BRDA:303,24,1,0
BRDA:303,25,0,0
BRDA:303,25,1,0
BRDA:310,26,0,0
BRDA:310,26,1,0
BRDA:312,27,0,0
BRDA:312,27,1,0
BRDA:338,28,0,0
BRDA:339,29,0,0
BRDA:339,29,1,0
BRDA:341,30,0,0
BRDA:341,30,1,0
BRF:65
BRH:0
end_of_record
